  [1m[35m (614.3ms)[0m  [1m[35mCREATE DATABASE "creature_tracker_development" ENCODING = 'unicode'[0m
  ↳ bin/rails:9
  [1m[35m (464.5ms)[0m  [1m[35mCREATE DATABASE "creature_tracker_test" ENCODING = 'unicode'[0m
  ↳ bin/rails:9
  [1m[35m (22.6ms)[0m  [1m[35mCREATE TABLE "schema_migrations" ("version" character varying NOT NULL PRIMARY KEY)[0m
  ↳ bin/rails:9
  [1m[35m (5.6ms)[0m  [1m[35mCREATE TABLE "ar_internal_metadata" ("key" character varying NOT NULL PRIMARY KEY, "value" character varying, "created_at" timestamp NOT NULL, "updated_at" timestamp NOT NULL)[0m
  ↳ bin/rails:9
  [1m[35m (0.2ms)[0m  [1m[34mSELECT pg_try_advisory_lock(6062993237863087365)[0m
  ↳ bin/rails:9
  [1m[35m (0.5ms)[0m  [1m[34mSELECT "schema_migrations"."version" FROM "schema_migrations" ORDER BY "schema_migrations"."version" ASC[0m
  ↳ bin/rails:9
Migrating to CreateCreatures (20180531173604)
  [1m[35m (0.1ms)[0m  [1m[35mBEGIN[0m
  ↳ bin/rails:9
  [1m[35m (8.6ms)[0m  [1m[35mCREATE TABLE "creatures" ("id" bigserial primary key, "common_name" character varying, "scientific_name" character varying, "notes" character varying, "status" character varying, "created_at" timestamp NOT NULL, "updated_at" timestamp NOT NULL)[0m
  ↳ db/migrate/20180531173604_create_creatures.rb:3
  [1m[36mActiveRecord::SchemaMigration Create (0.6ms)[0m  [1m[32mINSERT INTO "schema_migrations" ("version") VALUES ($1) RETURNING "version"[0m  [["version", "20180531173604"]]
  ↳ bin/rails:9
  [1m[35m (0.4ms)[0m  [1m[35mCOMMIT[0m
  ↳ bin/rails:9
  [1m[36mActiveRecord::InternalMetadata Load (0.4ms)[0m  [1m[34mSELECT  "ar_internal_metadata".* FROM "ar_internal_metadata" WHERE "ar_internal_metadata"."key" = $1 LIMIT $2[0m  [["key", "environment"], ["LIMIT", 1]]
  ↳ bin/rails:9
  [1m[35m (0.2ms)[0m  [1m[35mBEGIN[0m
  ↳ bin/rails:9
  [1m[36mActiveRecord::InternalMetadata Create (0.4ms)[0m  [1m[32mINSERT INTO "ar_internal_metadata" ("key", "value", "created_at", "updated_at") VALUES ($1, $2, $3, $4) RETURNING "key"[0m  [["key", "environment"], ["value", "development"], ["created_at", "2018-05-31 17:37:35.026298"], ["updated_at", "2018-05-31 17:37:35.026298"]]
  ↳ bin/rails:9
  [1m[35m (0.4ms)[0m  [1m[35mCOMMIT[0m
  ↳ bin/rails:9
  [1m[35m (0.2ms)[0m  [1m[34mSELECT pg_advisory_unlock(6062993237863087365)[0m
  ↳ bin/rails:9
  [1m[35m (0.2ms)[0m  [1m[34mSELECT "schema_migrations"."version" FROM "schema_migrations" ORDER BY "schema_migrations"."version" ASC[0m
  ↳ bin/rails:9
Started GET "/creatures" for 127.0.0.1 at 2018-05-31 13:45:17 -0400
  [1m[35m (0.4ms)[0m  [1m[34mSELECT "schema_migrations"."version" FROM "schema_migrations" ORDER BY "schema_migrations"."version" ASC[0m
  ↳ /Users/jacob/.rbenv/versions/2.5.0/lib/ruby/gems/2.5.0/gems/activerecord-5.2.0/lib/active_record/log_subscriber.rb:98
  
ActionController::RoutingError (uninitialized constant CreaturesController):
  
bootsnap (1.3.0) lib/bootsnap/load_path_cache/core_ext/active_support.rb:53:in `block in load_missing_constant'
bootsnap (1.3.0) lib/bootsnap/load_path_cache/core_ext/active_support.rb:8:in `without_bootsnap_cache'
bootsnap (1.3.0) lib/bootsnap/load_path_cache/core_ext/active_support.rb:53:in `rescue in load_missing_constant'
bootsnap (1.3.0) lib/bootsnap/load_path_cache/core_ext/active_support.rb:42:in `load_missing_constant'
activesupport (5.2.0) lib/active_support/inflector/methods.rb:283:in `const_get'
activesupport (5.2.0) lib/active_support/inflector/methods.rb:283:in `block in constantize'
activesupport (5.2.0) lib/active_support/inflector/methods.rb:281:in `each'
activesupport (5.2.0) lib/active_support/inflector/methods.rb:281:in `inject'
activesupport (5.2.0) lib/active_support/inflector/methods.rb:281:in `constantize'
actionpack (5.2.0) lib/action_dispatch/http/request.rb:88:in `controller_class_for'
actionpack (5.2.0) lib/action_dispatch/http/request.rb:81:in `controller_class'
actionpack (5.2.0) lib/action_dispatch/routing/route_set.rb:46:in `controller'
actionpack (5.2.0) lib/action_dispatch/routing/route_set.rb:32:in `serve'
actionpack (5.2.0) lib/action_dispatch/journey/router.rb:52:in `block in serve'
actionpack (5.2.0) lib/action_dispatch/journey/router.rb:35:in `each'
actionpack (5.2.0) lib/action_dispatch/journey/router.rb:35:in `serve'
actionpack (5.2.0) lib/action_dispatch/routing/route_set.rb:840:in `call'
rack (2.0.5) lib/rack/etag.rb:25:in `call'
rack (2.0.5) lib/rack/conditional_get.rb:25:in `call'
rack (2.0.5) lib/rack/head.rb:12:in `call'
activerecord (5.2.0) lib/active_record/migration.rb:559:in `call'
actionpack (5.2.0) lib/action_dispatch/middleware/callbacks.rb:28:in `block in call'
activesupport (5.2.0) lib/active_support/callbacks.rb:98:in `run_callbacks'
actionpack (5.2.0) lib/action_dispatch/middleware/callbacks.rb:26:in `call'
actionpack (5.2.0) lib/action_dispatch/middleware/executor.rb:14:in `call'
actionpack (5.2.0) lib/action_dispatch/middleware/debug_exceptions.rb:61:in `call'
actionpack (5.2.0) lib/action_dispatch/middleware/show_exceptions.rb:33:in `call'
railties (5.2.0) lib/rails/rack/logger.rb:38:in `call_app'
railties (5.2.0) lib/rails/rack/logger.rb:26:in `block in call'
activesupport (5.2.0) lib/active_support/tagged_logging.rb:71:in `block in tagged'
activesupport (5.2.0) lib/active_support/tagged_logging.rb:28:in `tagged'
activesupport (5.2.0) lib/active_support/tagged_logging.rb:71:in `tagged'
railties (5.2.0) lib/rails/rack/logger.rb:26:in `call'
actionpack (5.2.0) lib/action_dispatch/middleware/remote_ip.rb:81:in `call'
actionpack (5.2.0) lib/action_dispatch/middleware/request_id.rb:27:in `call'
rack (2.0.5) lib/rack/runtime.rb:22:in `call'
activesupport (5.2.0) lib/active_support/cache/strategy/local_cache_middleware.rb:29:in `call'
actionpack (5.2.0) lib/action_dispatch/middleware/executor.rb:14:in `call'
actionpack (5.2.0) lib/action_dispatch/middleware/static.rb:127:in `call'
rack (2.0.5) lib/rack/sendfile.rb:111:in `call'
railties (5.2.0) lib/rails/engine.rb:524:in `call'
puma (3.11.4) lib/puma/configuration.rb:225:in `call'
puma (3.11.4) lib/puma/server.rb:632:in `handle_request'
puma (3.11.4) lib/puma/server.rb:446:in `process_client'
puma (3.11.4) lib/puma/server.rb:306:in `block in run'
puma (3.11.4) lib/puma/thread_pool.rb:120:in `block in spawn_thread'
Started GET "/" for 127.0.0.1 at 2018-05-31 13:55:24 -0400
  [1m[35m (0.5ms)[0m  [1m[34mSELECT "schema_migrations"."version" FROM "schema_migrations" ORDER BY "schema_migrations"."version" ASC[0m
  ↳ /Users/jacob/.rbenv/versions/2.5.0/lib/ruby/gems/2.5.0/gems/activerecord-5.2.0/lib/active_record/log_subscriber.rb:98
Processing by Rails::WelcomeController#index as HTML
  Rendering /Users/jacob/.rbenv/versions/2.5.0/lib/ruby/gems/2.5.0/gems/railties-5.2.0/lib/rails/templates/rails/welcome/index.html.erb
  Rendered /Users/jacob/.rbenv/versions/2.5.0/lib/ruby/gems/2.5.0/gems/railties-5.2.0/lib/rails/templates/rails/welcome/index.html.erb (3.6ms)
Completed 200 OK in 11ms (Views: 7.9ms | ActiveRecord: 0.0ms)


Started GET "/creatures" for 127.0.0.1 at 2018-05-31 13:55:33 -0400
  
ActionController::RoutingError (No route matches [GET] "/creatures"):
  
actionpack (5.2.0) lib/action_dispatch/middleware/debug_exceptions.rb:65:in `call'
actionpack (5.2.0) lib/action_dispatch/middleware/show_exceptions.rb:33:in `call'
railties (5.2.0) lib/rails/rack/logger.rb:38:in `call_app'
railties (5.2.0) lib/rails/rack/logger.rb:26:in `block in call'
activesupport (5.2.0) lib/active_support/tagged_logging.rb:71:in `block in tagged'
activesupport (5.2.0) lib/active_support/tagged_logging.rb:28:in `tagged'
activesupport (5.2.0) lib/active_support/tagged_logging.rb:71:in `tagged'
railties (5.2.0) lib/rails/rack/logger.rb:26:in `call'
actionpack (5.2.0) lib/action_dispatch/middleware/remote_ip.rb:81:in `call'
actionpack (5.2.0) lib/action_dispatch/middleware/request_id.rb:27:in `call'
rack (2.0.5) lib/rack/runtime.rb:22:in `call'
activesupport (5.2.0) lib/active_support/cache/strategy/local_cache_middleware.rb:29:in `call'
actionpack (5.2.0) lib/action_dispatch/middleware/executor.rb:14:in `call'
actionpack (5.2.0) lib/action_dispatch/middleware/static.rb:127:in `call'
rack (2.0.5) lib/rack/sendfile.rb:111:in `call'
railties (5.2.0) lib/rails/engine.rb:524:in `call'
puma (3.11.4) lib/puma/configuration.rb:225:in `call'
puma (3.11.4) lib/puma/server.rb:632:in `handle_request'
puma (3.11.4) lib/puma/server.rb:446:in `process_client'
puma (3.11.4) lib/puma/server.rb:306:in `block in run'
puma (3.11.4) lib/puma/thread_pool.rb:120:in `block in spawn_thread'
Started GET "/creature" for 127.0.0.1 at 2018-05-31 13:55:56 -0400
  
ActionController::RoutingError (No route matches [GET] "/creature"):
  
actionpack (5.2.0) lib/action_dispatch/middleware/debug_exceptions.rb:65:in `call'
actionpack (5.2.0) lib/action_dispatch/middleware/show_exceptions.rb:33:in `call'
railties (5.2.0) lib/rails/rack/logger.rb:38:in `call_app'
railties (5.2.0) lib/rails/rack/logger.rb:26:in `block in call'
activesupport (5.2.0) lib/active_support/tagged_logging.rb:71:in `block in tagged'
activesupport (5.2.0) lib/active_support/tagged_logging.rb:28:in `tagged'
activesupport (5.2.0) lib/active_support/tagged_logging.rb:71:in `tagged'
railties (5.2.0) lib/rails/rack/logger.rb:26:in `call'
actionpack (5.2.0) lib/action_dispatch/middleware/remote_ip.rb:81:in `call'
actionpack (5.2.0) lib/action_dispatch/middleware/request_id.rb:27:in `call'
rack (2.0.5) lib/rack/runtime.rb:22:in `call'
activesupport (5.2.0) lib/active_support/cache/strategy/local_cache_middleware.rb:29:in `call'
actionpack (5.2.0) lib/action_dispatch/middleware/executor.rb:14:in `call'
actionpack (5.2.0) lib/action_dispatch/middleware/static.rb:127:in `call'
rack (2.0.5) lib/rack/sendfile.rb:111:in `call'
railties (5.2.0) lib/rails/engine.rb:524:in `call'
puma (3.11.4) lib/puma/configuration.rb:225:in `call'
puma (3.11.4) lib/puma/server.rb:632:in `handle_request'
puma (3.11.4) lib/puma/server.rb:446:in `process_client'
puma (3.11.4) lib/puma/server.rb:306:in `block in run'
puma (3.11.4) lib/puma/thread_pool.rb:120:in `block in spawn_thread'
Started GET "/creatures" for 127.0.0.1 at 2018-05-31 13:55:59 -0400
  
ActionController::RoutingError (No route matches [GET] "/creatures"):
  
actionpack (5.2.0) lib/action_dispatch/middleware/debug_exceptions.rb:65:in `call'
actionpack (5.2.0) lib/action_dispatch/middleware/show_exceptions.rb:33:in `call'
railties (5.2.0) lib/rails/rack/logger.rb:38:in `call_app'
railties (5.2.0) lib/rails/rack/logger.rb:26:in `block in call'
activesupport (5.2.0) lib/active_support/tagged_logging.rb:71:in `block in tagged'
activesupport (5.2.0) lib/active_support/tagged_logging.rb:28:in `tagged'
activesupport (5.2.0) lib/active_support/tagged_logging.rb:71:in `tagged'
railties (5.2.0) lib/rails/rack/logger.rb:26:in `call'
actionpack (5.2.0) lib/action_dispatch/middleware/remote_ip.rb:81:in `call'
actionpack (5.2.0) lib/action_dispatch/middleware/request_id.rb:27:in `call'
rack (2.0.5) lib/rack/runtime.rb:22:in `call'
activesupport (5.2.0) lib/active_support/cache/strategy/local_cache_middleware.rb:29:in `call'
actionpack (5.2.0) lib/action_dispatch/middleware/executor.rb:14:in `call'
actionpack (5.2.0) lib/action_dispatch/middleware/static.rb:127:in `call'
rack (2.0.5) lib/rack/sendfile.rb:111:in `call'
railties (5.2.0) lib/rails/engine.rb:524:in `call'
puma (3.11.4) lib/puma/configuration.rb:225:in `call'
puma (3.11.4) lib/puma/server.rb:632:in `handle_request'
puma (3.11.4) lib/puma/server.rb:446:in `process_client'
puma (3.11.4) lib/puma/server.rb:306:in `block in run'
puma (3.11.4) lib/puma/thread_pool.rb:120:in `block in spawn_thread'
Started GET "/api/v1/creatures" for 127.0.0.1 at 2018-05-31 13:56:09 -0400
  
LoadError (Unable to autoload constant Api::V1::CreaturesController, expected /Users/jacob/Momentum/rails-tracker-jacobfh/creature_tracker/app/controllers/api/v1/creatures_controller.rb to define it):
  
activesupport (5.2.0) lib/active_support/dependencies.rb:503:in `load_missing_constant'
bootsnap (1.3.0) lib/bootsnap/load_path_cache/core_ext/active_support.rb:43:in `load_missing_constant'
activesupport (5.2.0) lib/active_support/dependencies.rb:193:in `const_missing'
activesupport (5.2.0) lib/active_support/inflector/methods.rb:285:in `const_get'
activesupport (5.2.0) lib/active_support/inflector/methods.rb:285:in `block in constantize'
activesupport (5.2.0) lib/active_support/inflector/methods.rb:281:in `each'
activesupport (5.2.0) lib/active_support/inflector/methods.rb:281:in `inject'
activesupport (5.2.0) lib/active_support/inflector/methods.rb:281:in `constantize'
activesupport (5.2.0) lib/active_support/dependencies.rb:574:in `get'
activesupport (5.2.0) lib/active_support/dependencies.rb:605:in `constantize'
actionpack (5.2.0) lib/action_dispatch/http/request.rb:88:in `controller_class_for'
actionpack (5.2.0) lib/action_dispatch/http/parameters.rb:101:in `binary_params_for?'
actionpack (5.2.0) lib/action_dispatch/http/parameters.rb:92:in `set_binary_encoding'
actionpack (5.2.0) lib/action_dispatch/http/parameters.rb:69:in `path_parameters='
actionpack (5.2.0) lib/action_dispatch/journey/router.rb:50:in `block in serve'
actionpack (5.2.0) lib/action_dispatch/journey/router.rb:35:in `each'
actionpack (5.2.0) lib/action_dispatch/journey/router.rb:35:in `serve'
actionpack (5.2.0) lib/action_dispatch/routing/route_set.rb:840:in `call'
rack (2.0.5) lib/rack/etag.rb:25:in `call'
rack (2.0.5) lib/rack/conditional_get.rb:25:in `call'
rack (2.0.5) lib/rack/head.rb:12:in `call'
activerecord (5.2.0) lib/active_record/migration.rb:559:in `call'
actionpack (5.2.0) lib/action_dispatch/middleware/callbacks.rb:28:in `block in call'
activesupport (5.2.0) lib/active_support/callbacks.rb:98:in `run_callbacks'
actionpack (5.2.0) lib/action_dispatch/middleware/callbacks.rb:26:in `call'
actionpack (5.2.0) lib/action_dispatch/middleware/executor.rb:14:in `call'
actionpack (5.2.0) lib/action_dispatch/middleware/debug_exceptions.rb:61:in `call'
actionpack (5.2.0) lib/action_dispatch/middleware/show_exceptions.rb:33:in `call'
railties (5.2.0) lib/rails/rack/logger.rb:38:in `call_app'
railties (5.2.0) lib/rails/rack/logger.rb:26:in `block in call'
activesupport (5.2.0) lib/active_support/tagged_logging.rb:71:in `block in tagged'
activesupport (5.2.0) lib/active_support/tagged_logging.rb:28:in `tagged'
activesupport (5.2.0) lib/active_support/tagged_logging.rb:71:in `tagged'
railties (5.2.0) lib/rails/rack/logger.rb:26:in `call'
actionpack (5.2.0) lib/action_dispatch/middleware/remote_ip.rb:81:in `call'
actionpack (5.2.0) lib/action_dispatch/middleware/request_id.rb:27:in `call'
rack (2.0.5) lib/rack/runtime.rb:22:in `call'
activesupport (5.2.0) lib/active_support/cache/strategy/local_cache_middleware.rb:29:in `call'
actionpack (5.2.0) lib/action_dispatch/middleware/executor.rb:14:in `call'
actionpack (5.2.0) lib/action_dispatch/middleware/static.rb:127:in `call'
rack (2.0.5) lib/rack/sendfile.rb:111:in `call'
railties (5.2.0) lib/rails/engine.rb:524:in `call'
puma (3.11.4) lib/puma/configuration.rb:225:in `call'
puma (3.11.4) lib/puma/server.rb:632:in `handle_request'
puma (3.11.4) lib/puma/server.rb:446:in `process_client'
puma (3.11.4) lib/puma/server.rb:306:in `block in run'
puma (3.11.4) lib/puma/thread_pool.rb:120:in `block in spawn_thread'
Started POST "/api/v1/creatures" for 127.0.0.1 at 2018-05-31 13:59:05 -0400
Processing by Api::V1::CreaturesController#create as */*
  Parameters: {"common_name"=>"cardinal", "scientific_name"=>"Cardinalidae", "notes"=>"Beautiful creature", "status"=>"seen", "creature"=>{"common_name"=>"cardinal", "scientific_name"=>"Cardinalidae", "notes"=>"Beautiful creature", "status"=>"seen"}}
  [1m[35m (0.2ms)[0m  [1m[35mBEGIN[0m
  ↳ app/controllers/api/v1/creatures_controller.rb:17
  [1m[36mCreature Create (1.0ms)[0m  [1m[32mINSERT INTO "creatures" ("common_name", "scientific_name", "notes", "status", "created_at", "updated_at") VALUES ($1, $2, $3, $4, $5, $6) RETURNING "id"[0m  [["common_name", "cardinal"], ["scientific_name", "Cardinalidae"], ["notes", "Beautiful creature"], ["status", "seen"], ["created_at", "2018-05-31 17:59:05.423809"], ["updated_at", "2018-05-31 17:59:05.423809"]]
  ↳ app/controllers/api/v1/creatures_controller.rb:17
  [1m[35m (0.5ms)[0m  [1m[35mCOMMIT[0m
  ↳ app/controllers/api/v1/creatures_controller.rb:17
Completed 500 Internal Server Error in 51ms (ActiveRecord: 6.1ms)


  
NoMethodError (undefined method `creature_url' for #<Api::V1::CreaturesController:0x00007ffb03437208>):
  
app/controllers/api/v1/creatures_controller.rb:18:in `create'
Started POST "/api/v1/creatures" for 127.0.0.1 at 2018-05-31 14:00:47 -0400
Processing by Api::V1::CreaturesController#create as */*
  Parameters: {"common_name"=>"cardinal", "scientific_name"=>"Cardinalidae", "notes"=>"Beautiful creature", "status"=>"seen", "creature"=>{"common_name"=>"cardinal", "scientific_name"=>"Cardinalidae", "notes"=>"Beautiful creature", "status"=>"seen"}}
  [1m[35m (0.2ms)[0m  [1m[35mBEGIN[0m
  ↳ app/controllers/api/v1/creatures_controller.rb:17
  [1m[36mCreature Create (0.3ms)[0m  [1m[32mINSERT INTO "creatures" ("common_name", "scientific_name", "notes", "status", "created_at", "updated_at") VALUES ($1, $2, $3, $4, $5, $6) RETURNING "id"[0m  [["common_name", "cardinal"], ["scientific_name", "Cardinalidae"], ["notes", "Beautiful creature"], ["status", "seen"], ["created_at", "2018-05-31 18:00:47.957366"], ["updated_at", "2018-05-31 18:00:47.957366"]]
  ↳ app/controllers/api/v1/creatures_controller.rb:17
  [1m[35m (0.6ms)[0m  [1m[35mCOMMIT[0m
  ↳ app/controllers/api/v1/creatures_controller.rb:17
Completed 201 Created in 8ms (Views: 0.4ms | ActiveRecord: 3.5ms)


Started GET "/api/v1/creatures" for 127.0.0.1 at 2018-05-31 14:00:57 -0400
Processing by Api::V1::CreaturesController#index as */*
  Parameters: {"creature"=>{}}
  [1m[36mCreature Load (0.3ms)[0m  [1m[34mSELECT "creatures".* FROM "creatures"[0m
  ↳ app/controllers/api/v1/creatures_controller.rb:7
Completed 200 OK in 4ms (Views: 3.7ms | ActiveRecord: 0.3ms)


Started DELETE "/api/v1/creatures/2" for 127.0.0.1 at 2018-05-31 14:01:20 -0400
Processing by Api::V1::CreaturesController#destroy as */*
  Parameters: {"id"=>"2"}
  [1m[36mCreature Load (0.2ms)[0m  [1m[34mSELECT  "creatures".* FROM "creatures" WHERE "creatures"."id" = $1 LIMIT $2[0m  [["id", 2], ["LIMIT", 1]]
  ↳ app/controllers/api/v1/creatures_controller.rb:38
  [1m[35m (0.1ms)[0m  [1m[35mBEGIN[0m
  ↳ app/controllers/api/v1/creatures_controller.rb:33
  [1m[36mCreature Destroy (0.3ms)[0m  [1m[31mDELETE FROM "creatures" WHERE "creatures"."id" = $1[0m  [["id", 2]]
  ↳ app/controllers/api/v1/creatures_controller.rb:33
  [1m[35m (1.7ms)[0m  [1m[35mCOMMIT[0m
  ↳ app/controllers/api/v1/creatures_controller.rb:33
No template found for Api::V1::CreaturesController#destroy, rendering head :no_content
Completed 204 No Content in 132ms (ActiveRecord: 2.6ms)


Started GET "/api/v1/creatures" for 127.0.0.1 at 2018-05-31 14:01:24 -0400
Processing by Api::V1::CreaturesController#index as */*
  Parameters: {"creature"=>{}}
  [1m[36mCreature Load (0.2ms)[0m  [1m[34mSELECT "creatures".* FROM "creatures"[0m
  ↳ app/controllers/api/v1/creatures_controller.rb:7
Completed 200 OK in 1ms (Views: 0.8ms | ActiveRecord: 0.2ms)


Started GET "/creatures" for 127.0.0.1 at 2018-05-31 14:01:46 -0400
  
ActionController::RoutingError (No route matches [GET] "/creatures"):
  
actionpack (5.2.0) lib/action_dispatch/middleware/debug_exceptions.rb:65:in `call'
actionpack (5.2.0) lib/action_dispatch/middleware/show_exceptions.rb:33:in `call'
railties (5.2.0) lib/rails/rack/logger.rb:38:in `call_app'
railties (5.2.0) lib/rails/rack/logger.rb:26:in `block in call'
activesupport (5.2.0) lib/active_support/tagged_logging.rb:71:in `block in tagged'
activesupport (5.2.0) lib/active_support/tagged_logging.rb:28:in `tagged'
activesupport (5.2.0) lib/active_support/tagged_logging.rb:71:in `tagged'
railties (5.2.0) lib/rails/rack/logger.rb:26:in `call'
actionpack (5.2.0) lib/action_dispatch/middleware/remote_ip.rb:81:in `call'
actionpack (5.2.0) lib/action_dispatch/middleware/request_id.rb:27:in `call'
rack (2.0.5) lib/rack/runtime.rb:22:in `call'
activesupport (5.2.0) lib/active_support/cache/strategy/local_cache_middleware.rb:29:in `call'
actionpack (5.2.0) lib/action_dispatch/middleware/executor.rb:14:in `call'
actionpack (5.2.0) lib/action_dispatch/middleware/static.rb:127:in `call'
rack (2.0.5) lib/rack/sendfile.rb:111:in `call'
railties (5.2.0) lib/rails/engine.rb:524:in `call'
puma (3.11.4) lib/puma/configuration.rb:225:in `call'
puma (3.11.4) lib/puma/server.rb:632:in `handle_request'
puma (3.11.4) lib/puma/server.rb:446:in `process_client'
puma (3.11.4) lib/puma/server.rb:306:in `block in run'
puma (3.11.4) lib/puma/thread_pool.rb:120:in `block in spawn_thread'
Started GET "/api/v1/creatures" for 127.0.0.1 at 2018-05-31 14:01:54 -0400
Processing by Api::V1::CreaturesController#index as HTML
  [1m[36mCreature Load (0.3ms)[0m  [1m[34mSELECT "creatures".* FROM "creatures"[0m
  ↳ app/controllers/api/v1/creatures_controller.rb:7
Completed 200 OK in 2ms (Views: 1.1ms | ActiveRecord: 0.3ms)


Started GET "/api/v1/creatures/1/notes" for 127.0.0.1 at 2018-05-31 14:03:49 -0400
  
ActionController::RoutingError (No route matches [GET] "/api/v1/creatures/1/notes"):
  
actionpack (5.2.0) lib/action_dispatch/middleware/debug_exceptions.rb:65:in `call'
actionpack (5.2.0) lib/action_dispatch/middleware/show_exceptions.rb:33:in `call'
railties (5.2.0) lib/rails/rack/logger.rb:38:in `call_app'
railties (5.2.0) lib/rails/rack/logger.rb:26:in `block in call'
activesupport (5.2.0) lib/active_support/tagged_logging.rb:71:in `block in tagged'
activesupport (5.2.0) lib/active_support/tagged_logging.rb:28:in `tagged'
activesupport (5.2.0) lib/active_support/tagged_logging.rb:71:in `tagged'
railties (5.2.0) lib/rails/rack/logger.rb:26:in `call'
actionpack (5.2.0) lib/action_dispatch/middleware/remote_ip.rb:81:in `call'
actionpack (5.2.0) lib/action_dispatch/middleware/request_id.rb:27:in `call'
rack (2.0.5) lib/rack/runtime.rb:22:in `call'
activesupport (5.2.0) lib/active_support/cache/strategy/local_cache_middleware.rb:29:in `call'
actionpack (5.2.0) lib/action_dispatch/middleware/executor.rb:14:in `call'
actionpack (5.2.0) lib/action_dispatch/middleware/static.rb:127:in `call'
rack (2.0.5) lib/rack/sendfile.rb:111:in `call'
railties (5.2.0) lib/rails/engine.rb:524:in `call'
puma (3.11.4) lib/puma/configuration.rb:225:in `call'
puma (3.11.4) lib/puma/server.rb:632:in `handle_request'
puma (3.11.4) lib/puma/server.rb:446:in `process_client'
puma (3.11.4) lib/puma/server.rb:306:in `block in run'
puma (3.11.4) lib/puma/thread_pool.rb:120:in `block in spawn_thread'
Started GET "/api/v1/creatures/notes" for 127.0.0.1 at 2018-05-31 14:04:25 -0400
Processing by Api::V1::CreaturesController#show as */*
  Parameters: {"id"=>"notes", "creature"=>{}}
  [1m[36mCreature Load (2.4ms)[0m  [1m[34mSELECT  "creatures".* FROM "creatures" WHERE "creatures"."id" = $1 LIMIT $2[0m  [["id", 0], ["LIMIT", 1]]
  ↳ app/controllers/api/v1/creatures_controller.rb:38
Completed 404 Not Found in 5ms (ActiveRecord: 2.4ms)


  
ActiveRecord::RecordNotFound (Couldn't find Creature with 'id'=notes):
  
app/controllers/api/v1/creatures_controller.rb:38:in `set_creature'
Started GET "/api/v1/creatures/1/common_name" for 127.0.0.1 at 2018-05-31 14:04:38 -0400
  
ActionController::RoutingError (No route matches [GET] "/api/v1/creatures/1/common_name"):
  
actionpack (5.2.0) lib/action_dispatch/middleware/debug_exceptions.rb:65:in `call'
actionpack (5.2.0) lib/action_dispatch/middleware/show_exceptions.rb:33:in `call'
railties (5.2.0) lib/rails/rack/logger.rb:38:in `call_app'
railties (5.2.0) lib/rails/rack/logger.rb:26:in `block in call'
activesupport (5.2.0) lib/active_support/tagged_logging.rb:71:in `block in tagged'
activesupport (5.2.0) lib/active_support/tagged_logging.rb:28:in `tagged'
activesupport (5.2.0) lib/active_support/tagged_logging.rb:71:in `tagged'
railties (5.2.0) lib/rails/rack/logger.rb:26:in `call'
actionpack (5.2.0) lib/action_dispatch/middleware/remote_ip.rb:81:in `call'
actionpack (5.2.0) lib/action_dispatch/middleware/request_id.rb:27:in `call'
rack (2.0.5) lib/rack/runtime.rb:22:in `call'
activesupport (5.2.0) lib/active_support/cache/strategy/local_cache_middleware.rb:29:in `call'
actionpack (5.2.0) lib/action_dispatch/middleware/executor.rb:14:in `call'
actionpack (5.2.0) lib/action_dispatch/middleware/static.rb:127:in `call'
rack (2.0.5) lib/rack/sendfile.rb:111:in `call'
railties (5.2.0) lib/rails/engine.rb:524:in `call'
puma (3.11.4) lib/puma/configuration.rb:225:in `call'
puma (3.11.4) lib/puma/server.rb:632:in `handle_request'
puma (3.11.4) lib/puma/server.rb:446:in `process_client'
puma (3.11.4) lib/puma/server.rb:306:in `block in run'
puma (3.11.4) lib/puma/thread_pool.rb:120:in `block in spawn_thread'
Started GET "/api/v1/creatures/1/" for 127.0.0.1 at 2018-05-31 14:04:43 -0400
Processing by Api::V1::CreaturesController#show as */*
  Parameters: {"id"=>"1", "creature"=>{}}
  [1m[36mCreature Load (10.9ms)[0m  [1m[34mSELECT  "creatures".* FROM "creatures" WHERE "creatures"."id" = $1 LIMIT $2[0m  [["id", 1], ["LIMIT", 1]]
  ↳ app/controllers/api/v1/creatures_controller.rb:38
Completed 200 OK in 12ms (Views: 0.5ms | ActiveRecord: 10.9ms)


Started GET "/api/v1/creatures/2" for 127.0.0.1 at 2018-05-31 14:09:05 -0400
Processing by Api::V1::CreaturesController#show as */*
  Parameters: {"id"=>"2", "creature"=>{}}
  [1m[36mCreature Load (0.2ms)[0m  [1m[34mSELECT  "creatures".* FROM "creatures" WHERE "creatures"."id" = $1 LIMIT $2[0m  [["id", 2], ["LIMIT", 1]]
  ↳ app/controllers/api/v1/creatures_controller.rb:38
Completed 404 Not Found in 1ms (ActiveRecord: 0.2ms)


  
ActiveRecord::RecordNotFound (Couldn't find Creature with 'id'=2):
  
app/controllers/api/v1/creatures_controller.rb:38:in `set_creature'
Started GET "/api/v1/creatures/2" for 127.0.0.1 at 2018-05-31 14:10:12 -0400
Processing by Api::V1::CreaturesController#show as */*
  Parameters: {"id"=>"2", "creature"=>{}}
  [1m[36mCreature Load (0.1ms)[0m  [1m[34mSELECT  "creatures".* FROM "creatures" WHERE "creatures"."id" = $1 LIMIT $2[0m  [["id", 2], ["LIMIT", 1]]
  ↳ app/controllers/api/v1/creatures_controller.rb:41
Completed 404 Not Found in 2ms (ActiveRecord: 2.2ms)


  
ActiveRecord::RecordNotFound (Couldn't find Creature with 'id'=2):
  
app/controllers/api/v1/creatures_controller.rb:41:in `set_creature'
Started GET "/api/v1/creatures/2" for 127.0.0.1 at 2018-05-31 14:10:41 -0400
Processing by Api::V1::CreaturesController#show as */*
  Parameters: {"id"=>"2", "creature"=>{}}
  [1m[36mCreature Load (0.3ms)[0m  [1m[34mSELECT  "creatures".* FROM "creatures" WHERE "creatures"."id" = $1 LIMIT $2[0m  [["id", 2], ["LIMIT", 1]]
  ↳ app/controllers/api/v1/creatures_controller.rb:41
Completed 404 Not Found in 4ms (ActiveRecord: 3.7ms)


  
ActiveRecord::RecordNotFound (Couldn't find Creature with 'id'=2):
  
app/controllers/api/v1/creatures_controller.rb:41:in `set_creature'
Started GET "/api/v1/creatures/1" for 127.0.0.1 at 2018-05-31 14:13:41 -0400
Processing by Api::V1::CreaturesController#show as */*
  Parameters: {"id"=>"1", "creature"=>{}}
  [1m[36mCreature Load (0.1ms)[0m  [1m[34mSELECT  "creatures".* FROM "creatures" WHERE "creatures"."id" = $1 LIMIT $2[0m  [["id", 1], ["LIMIT", 1]]
  ↳ app/controllers/api/v1/creatures_controller.rb:44
Completed 500 Internal Server Error in 7ms (Views: 0.3ms | ActiveRecord: 2.4ms)


  
AbstractController::DoubleRenderError (Render and/or redirect were called multiple times in this action. Please note that you may only call render OR redirect, and at most once per action. Also note that neither redirect nor render terminate execution of the action, so if you want to exit an action after redirecting, you need to do something like "redirect_to(...) and return".):
  
app/controllers/api/v1/creatures_controller.rb:14:in `show'
Started GET "/api/v1/creatures/1" for 127.0.0.1 at 2018-05-31 14:14:42 -0400
Processing by Api::V1::CreaturesController#show as */*
  Parameters: {"id"=>"1", "creature"=>{}}
  [1m[36mCreature Load (0.1ms)[0m  [1m[34mSELECT  "creatures".* FROM "creatures" WHERE "creatures"."id" = $1 LIMIT $2[0m  [["id", 1], ["LIMIT", 1]]
  ↳ app/controllers/api/v1/creatures_controller.rb:41
Completed 200 OK in 6ms (Views: 0.3ms | ActiveRecord: 2.3ms)


Started POST "/api/v1/creatures" for 127.0.0.1 at 2018-05-31 14:17:10 -0400
  
SyntaxError (/Users/jacob/Momentum/rails-tracker-jacobfh/creature_tracker/app/controllers/api/v1/creatures_controller.rb:19: syntax error, unexpected tIDENTIFIER, expecting keyword_end
...ed, message: "Success" location: @creatures
...                       ^~~~~~~~):
  
app/controllers/api/v1/creatures_controller.rb:19: syntax error, unexpected tIDENTIFIER, expecting keyword_end
Error occurred while parsing request parameters.
Contents:

{
"common_name": "moa",
"scientific_name": "Dinornithidae",
"notes": "extinct",
"status": "unseen",
}
Started POST "/api/v1/creatures" for 127.0.0.1 at 2018-05-31 14:17:15 -0400
  
SyntaxError (/Users/jacob/Momentum/rails-tracker-jacobfh/creature_tracker/app/controllers/api/v1/creatures_controller.rb:19: syntax error, unexpected tIDENTIFIER, expecting keyword_end
...ed, message: "Success" location: @creatures
...                       ^~~~~~~~):
  
app/controllers/api/v1/creatures_controller.rb:19: syntax error, unexpected tIDENTIFIER, expecting keyword_end
Error occurred while parsing request parameters.
Contents:

{
"common_name": "moa",
"scientific_name": "Dinornithidae",
"notes": "extinct",
"status": "unseen",
}
Started POST "/api/v1/creatures" for 127.0.0.1 at 2018-05-31 14:17:37 -0400
  
SyntaxError (/Users/jacob/Momentum/rails-tracker-jacobfh/creature_tracker/app/controllers/api/v1/creatures_controller.rb:19: syntax error, unexpected tIDENTIFIER, expecting keyword_end
...ed, message: "Success" location: @creatures
...                       ^~~~~~~~):
  
app/controllers/api/v1/creatures_controller.rb:19: syntax error, unexpected tIDENTIFIER, expecting keyword_end
Started POST "/api/v1/creatures" for 127.0.0.1 at 2018-05-31 14:17:44 -0400
  
SyntaxError (/Users/jacob/Momentum/rails-tracker-jacobfh/creature_tracker/app/controllers/api/v1/creatures_controller.rb:19: syntax error, unexpected tIDENTIFIER, expecting keyword_end
...ed, message: "Success" location: @creatures
...                       ^~~~~~~~):
  
app/controllers/api/v1/creatures_controller.rb:19: syntax error, unexpected tIDENTIFIER, expecting keyword_end
Started GET "/api/v1/creatures/" for 127.0.0.1 at 2018-05-31 14:17:51 -0400
  
SyntaxError (/Users/jacob/Momentum/rails-tracker-jacobfh/creature_tracker/app/controllers/api/v1/creatures_controller.rb:19: syntax error, unexpected tIDENTIFIER, expecting keyword_end
...ed, message: "Success" location: @creatures
...                       ^~~~~~~~):
  
app/controllers/api/v1/creatures_controller.rb:19: syntax error, unexpected tIDENTIFIER, expecting keyword_end
Started POST "/api/v1/creatures" for 127.0.0.1 at 2018-05-31 14:18:20 -0400
Processing by Api::V1::CreaturesController#create as */*
  Parameters: {"common_name"=>"moa", "scientific_name"=>"Dinornithidae", "notes"=>"extinct", "status"=>"unseen", "creature"=>{"common_name"=>"moa", "scientific_name"=>"Dinornithidae", "notes"=>"extinct", "status"=>"unseen"}}
  [1m[35m (0.2ms)[0m  [1m[35mBEGIN[0m
  ↳ app/controllers/api/v1/creatures_controller.rb:18
  [1m[36mCreature Create (0.3ms)[0m  [1m[32mINSERT INTO "creatures" ("common_name", "scientific_name", "notes", "status", "created_at", "updated_at") VALUES ($1, $2, $3, $4, $5, $6) RETURNING "id"[0m  [["common_name", "moa"], ["scientific_name", "Dinornithidae"], ["notes", "extinct"], ["status", "unseen"], ["created_at", "2018-05-31 18:18:20.579085"], ["updated_at", "2018-05-31 18:18:20.579085"]]
  ↳ app/controllers/api/v1/creatures_controller.rb:18
  [1m[35m (0.5ms)[0m  [1m[35mCOMMIT[0m
  ↳ app/controllers/api/v1/creatures_controller.rb:18
Completed 201 Created in 9ms (Views: 0.3ms | ActiveRecord: 4.3ms)


Started GET "/api/v1/creatures/" for 127.0.0.1 at 2018-05-31 14:18:25 -0400
Processing by Api::V1::CreaturesController#index as */*
  Parameters: {"creature"=>{}}
  [1m[36mCreature Load (0.3ms)[0m  [1m[34mSELECT "creatures".* FROM "creatures"[0m
  ↳ app/controllers/api/v1/creatures_controller.rb:7
Completed 200 OK in 1ms (Views: 1.0ms | ActiveRecord: 0.3ms)


Started POST "/api/v1/creatures" for 127.0.0.1 at 2018-05-31 14:18:49 -0400
Processing by Api::V1::CreaturesController#create as */*
  Parameters: {"common_name"=>"moa", "scientific_name"=>"Dinornithidae", "notes"=>"extinct", "status"=>"unseen", "creature"=>{"common_name"=>"moa", "scientific_name"=>"Dinornithidae", "notes"=>"extinct", "status"=>"unseen"}}
  [1m[35m (0.2ms)[0m  [1m[35mBEGIN[0m
  ↳ app/controllers/api/v1/creatures_controller.rb:18
  [1m[36mCreature Create (0.6ms)[0m  [1m[32mINSERT INTO "creatures" ("common_name", "scientific_name", "notes", "status", "created_at", "updated_at") VALUES ($1, $2, $3, $4, $5, $6) RETURNING "id"[0m  [["common_name", "moa"], ["scientific_name", "Dinornithidae"], ["notes", "extinct"], ["status", "unseen"], ["created_at", "2018-05-31 18:18:49.865256"], ["updated_at", "2018-05-31 18:18:49.865256"]]
  ↳ app/controllers/api/v1/creatures_controller.rb:18
  [1m[35m (1.9ms)[0m  [1m[35mCOMMIT[0m
  ↳ app/controllers/api/v1/creatures_controller.rb:18
Completed 201 Created in 6ms (Views: 0.5ms | ActiveRecord: 2.7ms)


Started GET "/api/v1/creatures/" for 127.0.0.1 at 2018-05-31 14:18:56 -0400
Processing by Api::V1::CreaturesController#index as */*
  Parameters: {"creature"=>{}}
  [1m[36mCreature Load (0.3ms)[0m  [1m[34mSELECT "creatures".* FROM "creatures"[0m
  ↳ app/controllers/api/v1/creatures_controller.rb:7
Completed 200 OK in 2ms (Views: 1.4ms | ActiveRecord: 0.3ms)


Started DELETE "/api/v1/creatures/2" for 127.0.0.1 at 2018-05-31 14:19:03 -0400
Processing by Api::V1::CreaturesController#destroy as */*
  Parameters: {"id"=>"2"}
  [1m[36mCreature Load (0.2ms)[0m  [1m[34mSELECT  "creatures".* FROM "creatures" WHERE "creatures"."id" = $1 LIMIT $2[0m  [["id", 2], ["LIMIT", 1]]
  ↳ app/controllers/api/v1/creatures_controller.rb:41
Completed 404 Not Found in 1ms (ActiveRecord: 0.2ms)


  
ActiveRecord::RecordNotFound (Couldn't find Creature with 'id'=2):
  
app/controllers/api/v1/creatures_controller.rb:41:in `set_creature'
Started DELETE "/api/v1/creatures/3" for 127.0.0.1 at 2018-05-31 14:19:10 -0400
Processing by Api::V1::CreaturesController#destroy as */*
  Parameters: {"id"=>"3"}
  [1m[36mCreature Load (0.2ms)[0m  [1m[34mSELECT  "creatures".* FROM "creatures" WHERE "creatures"."id" = $1 LIMIT $2[0m  [["id", 3], ["LIMIT", 1]]
  ↳ app/controllers/api/v1/creatures_controller.rb:41
  [1m[35m (0.1ms)[0m  [1m[35mBEGIN[0m
  ↳ app/controllers/api/v1/creatures_controller.rb:36
  [1m[36mCreature Destroy (0.2ms)[0m  [1m[31mDELETE FROM "creatures" WHERE "creatures"."id" = $1[0m  [["id", 3]]
  ↳ app/controllers/api/v1/creatures_controller.rb:36
  [1m[35m (1.6ms)[0m  [1m[35mCOMMIT[0m
  ↳ app/controllers/api/v1/creatures_controller.rb:36
No template found for Api::V1::CreaturesController#destroy, rendering head :no_content
Completed 204 No Content in 115ms (ActiveRecord: 2.1ms)


Started GET "/api/v1/creatures/" for 127.0.0.1 at 2018-05-31 14:19:14 -0400
Processing by Api::V1::CreaturesController#index as */*
  Parameters: {"creature"=>{}}
  [1m[36mCreature Load (0.2ms)[0m  [1m[34mSELECT "creatures".* FROM "creatures"[0m
  ↳ app/controllers/api/v1/creatures_controller.rb:7
Completed 200 OK in 1ms (Views: 0.9ms | ActiveRecord: 0.2ms)


Started GET "/api/v1/creatures" for 127.0.0.1 at 2018-05-31 14:20:25 -0400
Processing by Api::V1::CreaturesController#index as HTML
  [1m[36mCreature Load (0.2ms)[0m  [1m[34mSELECT "creatures".* FROM "creatures"[0m
  ↳ app/controllers/api/v1/creatures_controller.rb:7
Completed 200 OK in 1ms (Views: 0.9ms | ActiveRecord: 0.2ms)


Started GET "/api/v1/creatures/4" for 127.0.0.1 at 2018-05-31 14:20:40 -0400
Processing by Api::V1::CreaturesController#show as HTML
  Parameters: {"id"=>"4"}
  [1m[36mCreature Load (0.2ms)[0m  [1m[34mSELECT  "creatures".* FROM "creatures" WHERE "creatures"."id" = $1 LIMIT $2[0m  [["id", 4], ["LIMIT", 1]]
  ↳ app/controllers/api/v1/creatures_controller.rb:41
Completed 200 OK in 1ms (Views: 0.3ms | ActiveRecord: 0.2ms)


Started GET "/api/v1/creatures/4/notes" for 127.0.0.1 at 2018-05-31 14:20:46 -0400
  
ActionController::RoutingError (No route matches [GET] "/api/v1/creatures/4/notes"):
  
actionpack (5.2.0) lib/action_dispatch/middleware/debug_exceptions.rb:65:in `call'
actionpack (5.2.0) lib/action_dispatch/middleware/show_exceptions.rb:33:in `call'
railties (5.2.0) lib/rails/rack/logger.rb:38:in `call_app'
railties (5.2.0) lib/rails/rack/logger.rb:26:in `block in call'
activesupport (5.2.0) lib/active_support/tagged_logging.rb:71:in `block in tagged'
activesupport (5.2.0) lib/active_support/tagged_logging.rb:28:in `tagged'
activesupport (5.2.0) lib/active_support/tagged_logging.rb:71:in `tagged'
railties (5.2.0) lib/rails/rack/logger.rb:26:in `call'
actionpack (5.2.0) lib/action_dispatch/middleware/remote_ip.rb:81:in `call'
actionpack (5.2.0) lib/action_dispatch/middleware/request_id.rb:27:in `call'
rack (2.0.5) lib/rack/runtime.rb:22:in `call'
activesupport (5.2.0) lib/active_support/cache/strategy/local_cache_middleware.rb:29:in `call'
actionpack (5.2.0) lib/action_dispatch/middleware/executor.rb:14:in `call'
actionpack (5.2.0) lib/action_dispatch/middleware/static.rb:127:in `call'
rack (2.0.5) lib/rack/sendfile.rb:111:in `call'
railties (5.2.0) lib/rails/engine.rb:524:in `call'
puma (3.11.4) lib/puma/configuration.rb:225:in `call'
puma (3.11.4) lib/puma/server.rb:632:in `handle_request'
puma (3.11.4) lib/puma/server.rb:446:in `process_client'
puma (3.11.4) lib/puma/server.rb:306:in `block in run'
puma (3.11.4) lib/puma/thread_pool.rb:120:in `block in spawn_thread'
  [1m[35m (0.2ms)[0m  [1m[34mSELECT pg_try_advisory_lock(6062993237863087365)[0m
  ↳ bin/rails:9
  [1m[35m (0.7ms)[0m  [1m[34mSELECT "schema_migrations"."version" FROM "schema_migrations" ORDER BY "schema_migrations"."version" ASC[0m
  ↳ bin/rails:9
Migrating to CreateNotes (20180531194140)
  [1m[35m (0.2ms)[0m  [1m[35mBEGIN[0m
  ↳ bin/rails:9
  [1m[35m (6.2ms)[0m  [1m[35mCREATE TABLE "notes" ("id" bigserial primary key, "content" text, "created_at" timestamp NOT NULL, "updated_at" timestamp NOT NULL)[0m
  ↳ db/migrate/20180531194140_create_notes.rb:3
  [1m[36mActiveRecord::SchemaMigration Create (0.3ms)[0m  [1m[32mINSERT INTO "schema_migrations" ("version") VALUES ($1) RETURNING "version"[0m  [["version", "20180531194140"]]
  ↳ bin/rails:9
  [1m[35m (0.7ms)[0m  [1m[35mCOMMIT[0m
  ↳ bin/rails:9
  [1m[36mActiveRecord::InternalMetadata Load (0.3ms)[0m  [1m[34mSELECT  "ar_internal_metadata".* FROM "ar_internal_metadata" WHERE "ar_internal_metadata"."key" = $1 LIMIT $2[0m  [["key", "environment"], ["LIMIT", 1]]
  ↳ bin/rails:9
  [1m[35m (0.3ms)[0m  [1m[35mBEGIN[0m
  ↳ bin/rails:9
  [1m[35m (0.2ms)[0m  [1m[35mCOMMIT[0m
  ↳ bin/rails:9
  [1m[35m (0.1ms)[0m  [1m[34mSELECT pg_advisory_unlock(6062993237863087365)[0m
  ↳ bin/rails:9
  [1m[35m (0.2ms)[0m  [1m[34mSELECT "schema_migrations"."version" FROM "schema_migrations" ORDER BY "schema_migrations"."version" ASC[0m
  ↳ bin/rails:9
Started POST "/api/v1/creatures/1/notes" for 127.0.0.1 at 2018-05-31 15:45:07 -0400
  [1m[35m (0.4ms)[0m  [1m[34mSELECT "schema_migrations"."version" FROM "schema_migrations" ORDER BY "schema_migrations"."version" ASC[0m
  ↳ /Users/jacob/.rbenv/versions/2.5.0/lib/ruby/gems/2.5.0/gems/activerecord-5.2.0/lib/active_record/log_subscriber.rb:98
  
ActionController::RoutingError (No route matches [POST] "/api/v1/creatures/1/notes"):
  
actionpack (5.2.0) lib/action_dispatch/middleware/debug_exceptions.rb:65:in `call'
actionpack (5.2.0) lib/action_dispatch/middleware/show_exceptions.rb:33:in `call'
railties (5.2.0) lib/rails/rack/logger.rb:38:in `call_app'
railties (5.2.0) lib/rails/rack/logger.rb:26:in `block in call'
activesupport (5.2.0) lib/active_support/tagged_logging.rb:71:in `block in tagged'
activesupport (5.2.0) lib/active_support/tagged_logging.rb:28:in `tagged'
activesupport (5.2.0) lib/active_support/tagged_logging.rb:71:in `tagged'
railties (5.2.0) lib/rails/rack/logger.rb:26:in `call'
actionpack (5.2.0) lib/action_dispatch/middleware/remote_ip.rb:81:in `call'
actionpack (5.2.0) lib/action_dispatch/middleware/request_id.rb:27:in `call'
rack (2.0.5) lib/rack/runtime.rb:22:in `call'
activesupport (5.2.0) lib/active_support/cache/strategy/local_cache_middleware.rb:29:in `call'
actionpack (5.2.0) lib/action_dispatch/middleware/executor.rb:14:in `call'
actionpack (5.2.0) lib/action_dispatch/middleware/static.rb:127:in `call'
rack (2.0.5) lib/rack/sendfile.rb:111:in `call'
railties (5.2.0) lib/rails/engine.rb:524:in `call'
puma (3.11.4) lib/puma/configuration.rb:225:in `call'
puma (3.11.4) lib/puma/server.rb:632:in `handle_request'
puma (3.11.4) lib/puma/server.rb:446:in `process_client'
puma (3.11.4) lib/puma/server.rb:306:in `block in run'
puma (3.11.4) lib/puma/thread_pool.rb:120:in `block in spawn_thread'
Started POST "/api/v1/creatures/1/notes" for 127.0.0.1 at 2018-05-31 15:45:59 -0400
  
ActionController::RoutingError (No route matches [POST] "/api/v1/creatures/1/notes"):
  
actionpack (5.2.0) lib/action_dispatch/middleware/debug_exceptions.rb:65:in `call'
actionpack (5.2.0) lib/action_dispatch/middleware/show_exceptions.rb:33:in `call'
railties (5.2.0) lib/rails/rack/logger.rb:38:in `call_app'
railties (5.2.0) lib/rails/rack/logger.rb:26:in `block in call'
activesupport (5.2.0) lib/active_support/tagged_logging.rb:71:in `block in tagged'
activesupport (5.2.0) lib/active_support/tagged_logging.rb:28:in `tagged'
activesupport (5.2.0) lib/active_support/tagged_logging.rb:71:in `tagged'
railties (5.2.0) lib/rails/rack/logger.rb:26:in `call'
actionpack (5.2.0) lib/action_dispatch/middleware/remote_ip.rb:81:in `call'
actionpack (5.2.0) lib/action_dispatch/middleware/request_id.rb:27:in `call'
rack (2.0.5) lib/rack/runtime.rb:22:in `call'
activesupport (5.2.0) lib/active_support/cache/strategy/local_cache_middleware.rb:29:in `call'
actionpack (5.2.0) lib/action_dispatch/middleware/executor.rb:14:in `call'
actionpack (5.2.0) lib/action_dispatch/middleware/static.rb:127:in `call'
rack (2.0.5) lib/rack/sendfile.rb:111:in `call'
railties (5.2.0) lib/rails/engine.rb:524:in `call'
puma (3.11.4) lib/puma/configuration.rb:225:in `call'
puma (3.11.4) lib/puma/server.rb:632:in `handle_request'
puma (3.11.4) lib/puma/server.rb:446:in `process_client'
puma (3.11.4) lib/puma/server.rb:306:in `block in run'
puma (3.11.4) lib/puma/thread_pool.rb:120:in `block in spawn_thread'
Started GET "/rails/info/routes" for 127.0.0.1 at 2018-05-31 15:46:23 -0400
Processing by Rails::InfoController#routes as HTML
  Rendering /Users/jacob/.rbenv/versions/2.5.0/lib/ruby/gems/2.5.0/gems/railties-5.2.0/lib/rails/templates/rails/info/routes.html.erb within layouts/application
  Rendered collection of /Users/jacob/.rbenv/versions/2.5.0/lib/ruby/gems/2.5.0/gems/actionpack-5.2.0/lib/action_dispatch/middleware/templates/routes/_route.html.erb [17 times] (6.9ms)
  Rendered /Users/jacob/.rbenv/versions/2.5.0/lib/ruby/gems/2.5.0/gems/actionpack-5.2.0/lib/action_dispatch/middleware/templates/routes/_table.html.erb (7.6ms)
  Rendered /Users/jacob/.rbenv/versions/2.5.0/lib/ruby/gems/2.5.0/gems/railties-5.2.0/lib/rails/templates/rails/info/routes.html.erb within layouts/application (23.6ms)
Completed 200 OK in 51ms (Views: 44.4ms | ActiveRecord: 0.0ms)


Started GET "/rails/info/routes" for 127.0.0.1 at 2018-05-31 15:46:44 -0400
Processing by Rails::InfoController#routes as HTML
  Rendering /Users/jacob/.rbenv/versions/2.5.0/lib/ruby/gems/2.5.0/gems/railties-5.2.0/lib/rails/templates/rails/info/routes.html.erb within layouts/application
  Rendered collection of /Users/jacob/.rbenv/versions/2.5.0/lib/ruby/gems/2.5.0/gems/actionpack-5.2.0/lib/action_dispatch/middleware/templates/routes/_route.html.erb [17 times] (3.0ms)
  Rendered /Users/jacob/.rbenv/versions/2.5.0/lib/ruby/gems/2.5.0/gems/actionpack-5.2.0/lib/action_dispatch/middleware/templates/routes/_table.html.erb (0.9ms)
  Rendered /Users/jacob/.rbenv/versions/2.5.0/lib/ruby/gems/2.5.0/gems/railties-5.2.0/lib/rails/templates/rails/info/routes.html.erb within layouts/application (10.7ms)
Completed 200 OK in 25ms (Views: 19.9ms | ActiveRecord: 0.0ms)


Started GET "/rails/info/routes" for 127.0.0.1 at 2018-05-31 15:46:46 -0400
Processing by Rails::InfoController#routes as HTML
  Rendering /Users/jacob/.rbenv/versions/2.5.0/lib/ruby/gems/2.5.0/gems/railties-5.2.0/lib/rails/templates/rails/info/routes.html.erb within layouts/application
  Rendered collection of /Users/jacob/.rbenv/versions/2.5.0/lib/ruby/gems/2.5.0/gems/actionpack-5.2.0/lib/action_dispatch/middleware/templates/routes/_route.html.erb [17 times] (3.3ms)
  Rendered /Users/jacob/.rbenv/versions/2.5.0/lib/ruby/gems/2.5.0/gems/actionpack-5.2.0/lib/action_dispatch/middleware/templates/routes/_table.html.erb (0.7ms)
  Rendered /Users/jacob/.rbenv/versions/2.5.0/lib/ruby/gems/2.5.0/gems/railties-5.2.0/lib/rails/templates/rails/info/routes.html.erb within layouts/application (9.6ms)
Completed 200 OK in 24ms (Views: 19.6ms | ActiveRecord: 0.0ms)


Started GET "/rails/info/routes" for 127.0.0.1 at 2018-05-31 15:47:05 -0400
Processing by Rails::InfoController#routes as HTML
  Rendering /Users/jacob/.rbenv/versions/2.5.0/lib/ruby/gems/2.5.0/gems/railties-5.2.0/lib/rails/templates/rails/info/routes.html.erb within layouts/application
  Rendered collection of /Users/jacob/.rbenv/versions/2.5.0/lib/ruby/gems/2.5.0/gems/actionpack-5.2.0/lib/action_dispatch/middleware/templates/routes/_route.html.erb [17 times] (3.2ms)
  Rendered /Users/jacob/.rbenv/versions/2.5.0/lib/ruby/gems/2.5.0/gems/actionpack-5.2.0/lib/action_dispatch/middleware/templates/routes/_table.html.erb (1.1ms)
  Rendered /Users/jacob/.rbenv/versions/2.5.0/lib/ruby/gems/2.5.0/gems/railties-5.2.0/lib/rails/templates/rails/info/routes.html.erb within layouts/application (10.2ms)
Completed 200 OK in 23ms (Views: 18.1ms | ActiveRecord: 0.0ms)


Started GET "/rails/info/routes" for 127.0.0.1 at 2018-05-31 15:47:06 -0400
Processing by Rails::InfoController#routes as HTML
  Rendering /Users/jacob/.rbenv/versions/2.5.0/lib/ruby/gems/2.5.0/gems/railties-5.2.0/lib/rails/templates/rails/info/routes.html.erb within layouts/application
  Rendered collection of /Users/jacob/.rbenv/versions/2.5.0/lib/ruby/gems/2.5.0/gems/actionpack-5.2.0/lib/action_dispatch/middleware/templates/routes/_route.html.erb [17 times] (3.2ms)
  Rendered /Users/jacob/.rbenv/versions/2.5.0/lib/ruby/gems/2.5.0/gems/actionpack-5.2.0/lib/action_dispatch/middleware/templates/routes/_table.html.erb (0.7ms)
  Rendered /Users/jacob/.rbenv/versions/2.5.0/lib/ruby/gems/2.5.0/gems/railties-5.2.0/lib/rails/templates/rails/info/routes.html.erb within layouts/application (9.1ms)
Completed 200 OK in 24ms (Views: 19.1ms | ActiveRecord: 0.0ms)


Started GET "/rails/info/routes" for 127.0.0.1 at 2018-05-31 15:47:29 -0400
Processing by Rails::InfoController#routes as HTML
  Rendering /Users/jacob/.rbenv/versions/2.5.0/lib/ruby/gems/2.5.0/gems/railties-5.2.0/lib/rails/templates/rails/info/routes.html.erb within layouts/application
  Rendered collection of /Users/jacob/.rbenv/versions/2.5.0/lib/ruby/gems/2.5.0/gems/actionpack-5.2.0/lib/action_dispatch/middleware/templates/routes/_route.html.erb [17 times] (4.7ms)
  Rendered /Users/jacob/.rbenv/versions/2.5.0/lib/ruby/gems/2.5.0/gems/actionpack-5.2.0/lib/action_dispatch/middleware/templates/routes/_table.html.erb (1.0ms)
  Rendered /Users/jacob/.rbenv/versions/2.5.0/lib/ruby/gems/2.5.0/gems/railties-5.2.0/lib/rails/templates/rails/info/routes.html.erb within layouts/application (15.2ms)
Completed 200 OK in 31ms (Views: 27.0ms | ActiveRecord: 0.0ms)


Started POST "/api/v1/creatures/1/notes" for 127.0.0.1 at 2018-05-31 15:48:07 -0400
  
LoadError (Unable to autoload constant Api::V1::NotesController, expected /Users/jacob/Momentum/rails-tracker-jacobfh/creature_tracker/app/controllers/api/v1/notes_controller.rb to define it):
  
activesupport (5.2.0) lib/active_support/dependencies.rb:503:in `load_missing_constant'
bootsnap (1.3.0) lib/bootsnap/load_path_cache/core_ext/active_support.rb:43:in `load_missing_constant'
activesupport (5.2.0) lib/active_support/dependencies.rb:193:in `const_missing'
activesupport (5.2.0) lib/active_support/inflector/methods.rb:285:in `const_get'
activesupport (5.2.0) lib/active_support/inflector/methods.rb:285:in `block in constantize'
activesupport (5.2.0) lib/active_support/inflector/methods.rb:281:in `each'
activesupport (5.2.0) lib/active_support/inflector/methods.rb:281:in `inject'
activesupport (5.2.0) lib/active_support/inflector/methods.rb:281:in `constantize'
activesupport (5.2.0) lib/active_support/dependencies.rb:574:in `get'
activesupport (5.2.0) lib/active_support/dependencies.rb:605:in `constantize'
actionpack (5.2.0) lib/action_dispatch/http/request.rb:88:in `controller_class_for'
actionpack (5.2.0) lib/action_dispatch/http/parameters.rb:101:in `binary_params_for?'
actionpack (5.2.0) lib/action_dispatch/http/parameters.rb:92:in `set_binary_encoding'
actionpack (5.2.0) lib/action_dispatch/http/parameters.rb:69:in `path_parameters='
actionpack (5.2.0) lib/action_dispatch/journey/router.rb:50:in `block in serve'
actionpack (5.2.0) lib/action_dispatch/journey/router.rb:35:in `each'
actionpack (5.2.0) lib/action_dispatch/journey/router.rb:35:in `serve'
actionpack (5.2.0) lib/action_dispatch/routing/route_set.rb:840:in `call'
rack (2.0.5) lib/rack/etag.rb:25:in `call'
rack (2.0.5) lib/rack/conditional_get.rb:38:in `call'
rack (2.0.5) lib/rack/head.rb:12:in `call'
activerecord (5.2.0) lib/active_record/migration.rb:559:in `call'
actionpack (5.2.0) lib/action_dispatch/middleware/callbacks.rb:28:in `block in call'
activesupport (5.2.0) lib/active_support/callbacks.rb:98:in `run_callbacks'
actionpack (5.2.0) lib/action_dispatch/middleware/callbacks.rb:26:in `call'
actionpack (5.2.0) lib/action_dispatch/middleware/executor.rb:14:in `call'
actionpack (5.2.0) lib/action_dispatch/middleware/debug_exceptions.rb:61:in `call'
actionpack (5.2.0) lib/action_dispatch/middleware/show_exceptions.rb:33:in `call'
railties (5.2.0) lib/rails/rack/logger.rb:38:in `call_app'
railties (5.2.0) lib/rails/rack/logger.rb:26:in `block in call'
activesupport (5.2.0) lib/active_support/tagged_logging.rb:71:in `block in tagged'
activesupport (5.2.0) lib/active_support/tagged_logging.rb:28:in `tagged'
activesupport (5.2.0) lib/active_support/tagged_logging.rb:71:in `tagged'
railties (5.2.0) lib/rails/rack/logger.rb:26:in `call'
actionpack (5.2.0) lib/action_dispatch/middleware/remote_ip.rb:81:in `call'
actionpack (5.2.0) lib/action_dispatch/middleware/request_id.rb:27:in `call'
rack (2.0.5) lib/rack/runtime.rb:22:in `call'
activesupport (5.2.0) lib/active_support/cache/strategy/local_cache_middleware.rb:29:in `call'
actionpack (5.2.0) lib/action_dispatch/middleware/executor.rb:14:in `call'
actionpack (5.2.0) lib/action_dispatch/middleware/static.rb:127:in `call'
rack (2.0.5) lib/rack/sendfile.rb:111:in `call'
railties (5.2.0) lib/rails/engine.rb:524:in `call'
puma (3.11.4) lib/puma/configuration.rb:225:in `call'
puma (3.11.4) lib/puma/server.rb:632:in `handle_request'
puma (3.11.4) lib/puma/server.rb:446:in `process_client'
puma (3.11.4) lib/puma/server.rb:306:in `block in run'
puma (3.11.4) lib/puma/thread_pool.rb:120:in `block in spawn_thread'
Started GET "/api/v1/creatures/1/notes" for 127.0.0.1 at 2018-05-31 15:48:28 -0400
  
LoadError (Unable to autoload constant Api::V1::NotesController, expected /Users/jacob/Momentum/rails-tracker-jacobfh/creature_tracker/app/controllers/api/v1/notes_controller.rb to define it):
  
activesupport (5.2.0) lib/active_support/dependencies.rb:503:in `load_missing_constant'
bootsnap (1.3.0) lib/bootsnap/load_path_cache/core_ext/active_support.rb:43:in `load_missing_constant'
activesupport (5.2.0) lib/active_support/dependencies.rb:193:in `const_missing'
activesupport (5.2.0) lib/active_support/inflector/methods.rb:298:in `const_get'
activesupport (5.2.0) lib/active_support/inflector/methods.rb:298:in `block in constantize'
activesupport (5.2.0) lib/active_support/inflector/methods.rb:281:in `each'
activesupport (5.2.0) lib/active_support/inflector/methods.rb:281:in `inject'
activesupport (5.2.0) lib/active_support/inflector/methods.rb:281:in `constantize'
activesupport (5.2.0) lib/active_support/dependencies.rb:574:in `get'
activesupport (5.2.0) lib/active_support/dependencies.rb:605:in `constantize'
actionpack (5.2.0) lib/action_dispatch/http/request.rb:88:in `controller_class_for'
actionpack (5.2.0) lib/action_dispatch/http/parameters.rb:101:in `binary_params_for?'
actionpack (5.2.0) lib/action_dispatch/http/parameters.rb:92:in `set_binary_encoding'
actionpack (5.2.0) lib/action_dispatch/http/parameters.rb:69:in `path_parameters='
actionpack (5.2.0) lib/action_dispatch/journey/router.rb:50:in `block in serve'
actionpack (5.2.0) lib/action_dispatch/journey/router.rb:35:in `each'
actionpack (5.2.0) lib/action_dispatch/journey/router.rb:35:in `serve'
actionpack (5.2.0) lib/action_dispatch/routing/route_set.rb:840:in `call'
rack (2.0.5) lib/rack/etag.rb:25:in `call'
rack (2.0.5) lib/rack/conditional_get.rb:25:in `call'
rack (2.0.5) lib/rack/head.rb:12:in `call'
activerecord (5.2.0) lib/active_record/migration.rb:559:in `call'
actionpack (5.2.0) lib/action_dispatch/middleware/callbacks.rb:28:in `block in call'
activesupport (5.2.0) lib/active_support/callbacks.rb:98:in `run_callbacks'
actionpack (5.2.0) lib/action_dispatch/middleware/callbacks.rb:26:in `call'
actionpack (5.2.0) lib/action_dispatch/middleware/executor.rb:14:in `call'
actionpack (5.2.0) lib/action_dispatch/middleware/debug_exceptions.rb:61:in `call'
actionpack (5.2.0) lib/action_dispatch/middleware/show_exceptions.rb:33:in `call'
railties (5.2.0) lib/rails/rack/logger.rb:38:in `call_app'
railties (5.2.0) lib/rails/rack/logger.rb:26:in `block in call'
activesupport (5.2.0) lib/active_support/tagged_logging.rb:71:in `block in tagged'
activesupport (5.2.0) lib/active_support/tagged_logging.rb:28:in `tagged'
activesupport (5.2.0) lib/active_support/tagged_logging.rb:71:in `tagged'
railties (5.2.0) lib/rails/rack/logger.rb:26:in `call'
actionpack (5.2.0) lib/action_dispatch/middleware/remote_ip.rb:81:in `call'
actionpack (5.2.0) lib/action_dispatch/middleware/request_id.rb:27:in `call'
rack (2.0.5) lib/rack/runtime.rb:22:in `call'
activesupport (5.2.0) lib/active_support/cache/strategy/local_cache_middleware.rb:29:in `call'
actionpack (5.2.0) lib/action_dispatch/middleware/executor.rb:14:in `call'
actionpack (5.2.0) lib/action_dispatch/middleware/static.rb:127:in `call'
rack (2.0.5) lib/rack/sendfile.rb:111:in `call'
railties (5.2.0) lib/rails/engine.rb:524:in `call'
puma (3.11.4) lib/puma/configuration.rb:225:in `call'
puma (3.11.4) lib/puma/server.rb:632:in `handle_request'
puma (3.11.4) lib/puma/server.rb:446:in `process_client'
puma (3.11.4) lib/puma/server.rb:306:in `block in run'
puma (3.11.4) lib/puma/thread_pool.rb:120:in `block in spawn_thread'
Started GET "/api/v1/creatures/1/" for 127.0.0.1 at 2018-05-31 15:48:34 -0400
Processing by Api::V1::CreaturesController#show as */*
  Parameters: {"id"=>"1"}
  [1m[36mCreature Load (0.3ms)[0m  [1m[34mSELECT  "creatures".* FROM "creatures" WHERE "creatures"."id" = $1 LIMIT $2[0m  [["id", 1], ["LIMIT", 1]]
  ↳ app/controllers/api/v1/creatures_controller.rb:41
Completed 200 OK in 16ms (Views: 0.4ms | ActiveRecord: 7.0ms)


Started GET "/api/v1/creatures/1/notes" for 127.0.0.1 at 2018-05-31 15:48:45 -0400
  
LoadError (Unable to autoload constant Api::V1::NotesController, expected /Users/jacob/Momentum/rails-tracker-jacobfh/creature_tracker/app/controllers/api/v1/notes_controller.rb to define it):
  
activesupport (5.2.0) lib/active_support/dependencies.rb:503:in `load_missing_constant'
bootsnap (1.3.0) lib/bootsnap/load_path_cache/core_ext/active_support.rb:43:in `load_missing_constant'
activesupport (5.2.0) lib/active_support/dependencies.rb:193:in `const_missing'
activesupport (5.2.0) lib/active_support/inflector/methods.rb:298:in `const_get'
activesupport (5.2.0) lib/active_support/inflector/methods.rb:298:in `block in constantize'
activesupport (5.2.0) lib/active_support/inflector/methods.rb:281:in `each'
activesupport (5.2.0) lib/active_support/inflector/methods.rb:281:in `inject'
activesupport (5.2.0) lib/active_support/inflector/methods.rb:281:in `constantize'
activesupport (5.2.0) lib/active_support/dependencies.rb:574:in `get'
activesupport (5.2.0) lib/active_support/dependencies.rb:605:in `constantize'
actionpack (5.2.0) lib/action_dispatch/http/request.rb:88:in `controller_class_for'
actionpack (5.2.0) lib/action_dispatch/http/parameters.rb:101:in `binary_params_for?'
actionpack (5.2.0) lib/action_dispatch/http/parameters.rb:92:in `set_binary_encoding'
actionpack (5.2.0) lib/action_dispatch/http/parameters.rb:69:in `path_parameters='
actionpack (5.2.0) lib/action_dispatch/journey/router.rb:50:in `block in serve'
actionpack (5.2.0) lib/action_dispatch/journey/router.rb:35:in `each'
actionpack (5.2.0) lib/action_dispatch/journey/router.rb:35:in `serve'
actionpack (5.2.0) lib/action_dispatch/routing/route_set.rb:840:in `call'
rack (2.0.5) lib/rack/etag.rb:25:in `call'
rack (2.0.5) lib/rack/conditional_get.rb:25:in `call'
rack (2.0.5) lib/rack/head.rb:12:in `call'
activerecord (5.2.0) lib/active_record/migration.rb:559:in `call'
actionpack (5.2.0) lib/action_dispatch/middleware/callbacks.rb:28:in `block in call'
activesupport (5.2.0) lib/active_support/callbacks.rb:98:in `run_callbacks'
actionpack (5.2.0) lib/action_dispatch/middleware/callbacks.rb:26:in `call'
actionpack (5.2.0) lib/action_dispatch/middleware/executor.rb:14:in `call'
actionpack (5.2.0) lib/action_dispatch/middleware/debug_exceptions.rb:61:in `call'
actionpack (5.2.0) lib/action_dispatch/middleware/show_exceptions.rb:33:in `call'
railties (5.2.0) lib/rails/rack/logger.rb:38:in `call_app'
railties (5.2.0) lib/rails/rack/logger.rb:26:in `block in call'
activesupport (5.2.0) lib/active_support/tagged_logging.rb:71:in `block in tagged'
activesupport (5.2.0) lib/active_support/tagged_logging.rb:28:in `tagged'
activesupport (5.2.0) lib/active_support/tagged_logging.rb:71:in `tagged'
railties (5.2.0) lib/rails/rack/logger.rb:26:in `call'
actionpack (5.2.0) lib/action_dispatch/middleware/remote_ip.rb:81:in `call'
actionpack (5.2.0) lib/action_dispatch/middleware/request_id.rb:27:in `call'
rack (2.0.5) lib/rack/runtime.rb:22:in `call'
activesupport (5.2.0) lib/active_support/cache/strategy/local_cache_middleware.rb:29:in `call'
actionpack (5.2.0) lib/action_dispatch/middleware/executor.rb:14:in `call'
actionpack (5.2.0) lib/action_dispatch/middleware/static.rb:127:in `call'
rack (2.0.5) lib/rack/sendfile.rb:111:in `call'
railties (5.2.0) lib/rails/engine.rb:524:in `call'
puma (3.11.4) lib/puma/configuration.rb:225:in `call'
puma (3.11.4) lib/puma/server.rb:632:in `handle_request'
puma (3.11.4) lib/puma/server.rb:446:in `process_client'
puma (3.11.4) lib/puma/server.rb:306:in `block in run'
puma (3.11.4) lib/puma/thread_pool.rb:120:in `block in spawn_thread'
Started GET "/rails/info/routes" for 127.0.0.1 at 2018-05-31 15:51:59 -0400
Processing by Rails::InfoController#routes as HTML
  Rendering /Users/jacob/.rbenv/versions/2.5.0/lib/ruby/gems/2.5.0/gems/railties-5.2.0/lib/rails/templates/rails/info/routes.html.erb within layouts/application
  Rendered collection of /Users/jacob/.rbenv/versions/2.5.0/lib/ruby/gems/2.5.0/gems/actionpack-5.2.0/lib/action_dispatch/middleware/templates/routes/_route.html.erb [17 times] (3.6ms)
  Rendered /Users/jacob/.rbenv/versions/2.5.0/lib/ruby/gems/2.5.0/gems/actionpack-5.2.0/lib/action_dispatch/middleware/templates/routes/_table.html.erb (0.7ms)
  Rendered /Users/jacob/.rbenv/versions/2.5.0/lib/ruby/gems/2.5.0/gems/railties-5.2.0/lib/rails/templates/rails/info/routes.html.erb within layouts/application (9.6ms)
Completed 200 OK in 21ms (Views: 17.0ms | ActiveRecord: 0.0ms)


Started GET "/rails/info/routes" for 127.0.0.1 at 2018-05-31 15:52:00 -0400
Processing by Rails::InfoController#routes as HTML
  Rendering /Users/jacob/.rbenv/versions/2.5.0/lib/ruby/gems/2.5.0/gems/railties-5.2.0/lib/rails/templates/rails/info/routes.html.erb within layouts/application
  Rendered collection of /Users/jacob/.rbenv/versions/2.5.0/lib/ruby/gems/2.5.0/gems/actionpack-5.2.0/lib/action_dispatch/middleware/templates/routes/_route.html.erb [17 times] (2.7ms)
  Rendered /Users/jacob/.rbenv/versions/2.5.0/lib/ruby/gems/2.5.0/gems/actionpack-5.2.0/lib/action_dispatch/middleware/templates/routes/_table.html.erb (0.7ms)
  Rendered /Users/jacob/.rbenv/versions/2.5.0/lib/ruby/gems/2.5.0/gems/railties-5.2.0/lib/rails/templates/rails/info/routes.html.erb within layouts/application (9.5ms)
Completed 200 OK in 23ms (Views: 18.4ms | ActiveRecord: 0.0ms)


Started POST "/api/v1/creatures/1/notes" for 127.0.0.1 at 2018-05-31 16:01:01 -0400
  
SyntaxError (/Users/jacob/Momentum/rails-tracker-jacobfh/creature_tracker/app/controllers/api/v1/notes_controller.rb:44: syntax error, unexpected keyword_end, expecting end-of-input):
  
app/controllers/api/v1/notes_controller.rb:44: syntax error, unexpected keyword_end, expecting end-of-input
Started POST "/api/v1/creatures/1/notes" for 127.0.0.1 at 2018-05-31 16:02:52 -0400
  
SyntaxError (/Users/jacob/Momentum/rails-tracker-jacobfh/creature_tracker/app/controllers/api/v1/notes_controller.rb:44: syntax error, unexpected keyword_end, expecting end-of-input):
  
app/controllers/api/v1/notes_controller.rb:44: syntax error, unexpected keyword_end, expecting end-of-input
Started POST "/api/v1/creatures/1/notes" for 127.0.0.1 at 2018-05-31 16:40:54 -0400
  
SyntaxError (/Users/jacob/Momentum/rails-tracker-jacobfh/creature_tracker/app/controllers/api/v1/notes_controller.rb:39: syntax error, unexpected keyword_end, expecting end-of-input):
  
app/controllers/api/v1/notes_controller.rb:39: syntax error, unexpected keyword_end, expecting end-of-input
Started POST "/api/v1/creatures/1/notes" for 127.0.0.1 at 2018-05-31 16:41:07 -0400
  
SyntaxError (/Users/jacob/Momentum/rails-tracker-jacobfh/creature_tracker/app/controllers/api/v1/notes_controller.rb:39: syntax error, unexpected keyword_end, expecting end-of-input):
  
app/controllers/api/v1/notes_controller.rb:39: syntax error, unexpected keyword_end, expecting end-of-input
Started POST "/api/v1/creatures/1/notes" for 127.0.0.1 at 2018-05-31 16:41:47 -0400
  
TypeError (superclass mismatch for class NotesController):
  
app/controllers/api/v1/notes_controller.rb:1:in `<main>'
Started POST "/api/v1/creatures/1/notes" for 127.0.0.1 at 2018-05-31 16:42:48 -0400
  
SyntaxError (/Users/jacob/Momentum/rails-tracker-jacobfh/creature_tracker/app/models/note.rb:2: syntax error, unexpected ':', expecting keyword_end
    belongs_to: :creature
              ^):
  
app/models/note.rb:2: syntax error, unexpected ':', expecting keyword_end
Started POST "/api/v1/creatures/1/notes" for 127.0.0.1 at 2018-05-31 16:43:13 -0400
Processing by Api::V1::NotesController#create as */*
  Parameters: {"content"=>"this is a note about creature 1", "creature_id"=>"1", "note"=>{"content"=>"this is a note about creature 1"}}
  [1m[36mCreature Load (0.2ms)[0m  [1m[34mSELECT  "creatures".* FROM "creatures" WHERE "creatures"."id" = $1 LIMIT $2[0m  [["id", 1], ["LIMIT", 1]]
  ↳ app/controllers/api/v1/notes_controller.rb:7
Completed 500 Internal Server Error in 10ms (ActiveRecord: 5.5ms)


  
NoMethodError (undefined method `create' for "Beautiful creature":String):
  
app/controllers/api/v1/notes_controller.rb:8:in `create'
  [1m[35m (0.2ms)[0m  [1m[34mSELECT pg_try_advisory_lock(6062993237863087365)[0m
  ↳ bin/rails:9
  [1m[35m (0.4ms)[0m  [1m[34mSELECT "schema_migrations"."version" FROM "schema_migrations" ORDER BY "schema_migrations"."version" ASC[0m
  ↳ bin/rails:9
Migrating to RemoveNotes (20180531204632)
  [1m[35m (0.2ms)[0m  [1m[35mBEGIN[0m
  ↳ bin/rails:9
  [1m[35m (2.4ms)[0m  [1m[35mALTER TABLE "creature" DROP COLUMN "notes"[0m
  ↳ db/migrate/20180531204632_remove_notes.rb:3
  [1m[35m (0.1ms)[0m  [1m[31mROLLBACK[0m
  ↳ bin/rails:9
  [1m[35m (0.2ms)[0m  [1m[34mSELECT pg_advisory_unlock(6062993237863087365)[0m
  ↳ bin/rails:9
  [1m[35m (0.2ms)[0m  [1m[34mSELECT pg_try_advisory_lock(6062993237863087365)[0m
  ↳ bin/rails:9
  [1m[35m (0.4ms)[0m  [1m[34mSELECT "schema_migrations"."version" FROM "schema_migrations" ORDER BY "schema_migrations"."version" ASC[0m
  ↳ bin/rails:9
Migrating to RemoveNotes (20180531204632)
  [1m[35m (0.2ms)[0m  [1m[35mBEGIN[0m
  ↳ bin/rails:9
  [1m[35m (7.1ms)[0m  [1m[35mALTER TABLE "creatures" DROP COLUMN "notes"[0m
  ↳ db/migrate/20180531204632_remove_notes.rb:3
  [1m[36mActiveRecord::SchemaMigration Create (0.4ms)[0m  [1m[32mINSERT INTO "schema_migrations" ("version") VALUES ($1) RETURNING "version"[0m  [["version", "20180531204632"]]
  ↳ bin/rails:9
  [1m[35m (0.6ms)[0m  [1m[35mCOMMIT[0m
  ↳ bin/rails:9
  [1m[36mActiveRecord::InternalMetadata Load (0.9ms)[0m  [1m[34mSELECT  "ar_internal_metadata".* FROM "ar_internal_metadata" WHERE "ar_internal_metadata"."key" = $1 LIMIT $2[0m  [["key", "environment"], ["LIMIT", 1]]
  ↳ bin/rails:9
  [1m[35m (0.1ms)[0m  [1m[35mBEGIN[0m
  ↳ bin/rails:9
  [1m[35m (0.1ms)[0m  [1m[35mCOMMIT[0m
  ↳ bin/rails:9
  [1m[35m (0.2ms)[0m  [1m[34mSELECT pg_advisory_unlock(6062993237863087365)[0m
  ↳ bin/rails:9
  [1m[35m (0.3ms)[0m  [1m[34mSELECT "schema_migrations"."version" FROM "schema_migrations" ORDER BY "schema_migrations"."version" ASC[0m
  ↳ bin/rails:9
Started POST "/api/v1/creatures/1/notes" for 127.0.0.1 at 2018-05-31 16:47:39 -0400
  [1m[35m (0.4ms)[0m  [1m[34mSELECT "schema_migrations"."version" FROM "schema_migrations" ORDER BY "schema_migrations"."version" ASC[0m
  ↳ /Users/jacob/.rbenv/versions/2.5.0/lib/ruby/gems/2.5.0/gems/activerecord-5.2.0/lib/active_record/log_subscriber.rb:98
Processing by Api::V1::NotesController#create as */*
  Parameters: {"content"=>"this is a note about creature 1", "creature_id"=>"1", "note"=>{"content"=>"this is a note about creature 1"}}
  [1m[36mCreature Load (0.4ms)[0m  [1m[34mSELECT  "creatures".* FROM "creatures" WHERE "creatures"."id" = $1 LIMIT $2[0m  [["id", 1], ["LIMIT", 1]]
  ↳ app/controllers/api/v1/notes_controller.rb:7
  [1m[36mCreature Load (0.2ms)[0m  [1m[34mSELECT  "creatures".* FROM "creatures" WHERE "creatures"."id" = $1 LIMIT $2[0m  [["id", 1], ["LIMIT", 1]]
  ↳ app/controllers/api/v1/notes_controller.rb:7
Completed 500 Internal Server Error in 11ms (ActiveRecord: 3.7ms)


  
NoMethodError (undefined method `notes' for #<Creature:0x00007fe1ea687080>):
  
app/controllers/api/v1/notes_controller.rb:8:in `create'
Started POST "/api/v1/creatures/1/notes" for 127.0.0.1 at 2018-05-31 16:48:30 -0400
Processing by Api::V1::NotesController#create as */*
  Parameters: {"content"=>"this is a note about creature 1", "creature_id"=>"1", "note"=>{"content"=>"this is a note about creature 1"}}
  [1m[36mCreature Load (0.1ms)[0m  [1m[34mSELECT  "creatures".* FROM "creatures" WHERE "creatures"."id" = $1 LIMIT $2[0m  [["id", 1], ["LIMIT", 1]]
  ↳ app/controllers/api/v1/notes_controller.rb:7
  [1m[35m (0.2ms)[0m  [1m[35mBEGIN[0m
  ↳ app/controllers/api/v1/notes_controller.rb:8
  [1m[35m (0.1ms)[0m  [1m[31mROLLBACK[0m
  ↳ app/controllers/api/v1/notes_controller.rb:8
Completed 500 Internal Server Error in 34ms (ActiveRecord: 4.7ms)


  
ActiveModel::UnknownAttributeError (unknown attribute 'creature_id' for Note.):
  
app/controllers/api/v1/notes_controller.rb:8:in `create'
  [1m[35m (0.2ms)[0m  [1m[34mSELECT pg_try_advisory_lock(6062993237863087365)[0m
  ↳ bin/rails:9
  [1m[35m (0.4ms)[0m  [1m[34mSELECT "schema_migrations"."version" FROM "schema_migrations" ORDER BY "schema_migrations"."version" ASC[0m
  ↳ bin/rails:9
Migrating to AddId (20180531204918)
  [1m[35m (0.1ms)[0m  [1m[35mBEGIN[0m
  ↳ bin/rails:9
  [1m[35m (0.5ms)[0m  [1m[35mALTER TABLE "notes" ADD "creature_id" integer[0m
  ↳ db/migrate/20180531204918_add_id.rb:3
  [1m[36mActiveRecord::SchemaMigration Create (0.2ms)[0m  [1m[32mINSERT INTO "schema_migrations" ("version") VALUES ($1) RETURNING "version"[0m  [["version", "20180531204918"]]
  ↳ bin/rails:9
  [1m[35m (2.4ms)[0m  [1m[35mCOMMIT[0m
  ↳ bin/rails:9
  [1m[36mActiveRecord::InternalMetadata Load (0.2ms)[0m  [1m[34mSELECT  "ar_internal_metadata".* FROM "ar_internal_metadata" WHERE "ar_internal_metadata"."key" = $1 LIMIT $2[0m  [["key", "environment"], ["LIMIT", 1]]
  ↳ bin/rails:9
  [1m[35m (0.2ms)[0m  [1m[35mBEGIN[0m
  ↳ bin/rails:9
  [1m[35m (0.1ms)[0m  [1m[35mCOMMIT[0m
  ↳ bin/rails:9
  [1m[35m (0.2ms)[0m  [1m[34mSELECT pg_advisory_unlock(6062993237863087365)[0m
  ↳ bin/rails:9
  [1m[35m (0.1ms)[0m  [1m[34mSELECT "schema_migrations"."version" FROM "schema_migrations" ORDER BY "schema_migrations"."version" ASC[0m
  ↳ bin/rails:9
Started POST "/api/v1/creatures/1/notes" for 127.0.0.1 at 2018-05-31 16:50:03 -0400
  [1m[35m (0.2ms)[0m  [1m[34mSELECT "schema_migrations"."version" FROM "schema_migrations" ORDER BY "schema_migrations"."version" ASC[0m
  ↳ /Users/jacob/.rbenv/versions/2.5.0/lib/ruby/gems/2.5.0/gems/activerecord-5.2.0/lib/active_record/log_subscriber.rb:98
Processing by Api::V1::NotesController#create as */*
  Parameters: {"content"=>"this is a note about creature 1", "creature_id"=>"1", "note"=>{"content"=>"this is a note about creature 1"}}
  [1m[36mCreature Load (0.2ms)[0m  [1m[34mSELECT  "creatures".* FROM "creatures" WHERE "creatures"."id" = $1 LIMIT $2[0m  [["id", 1], ["LIMIT", 1]]
  ↳ app/controllers/api/v1/notes_controller.rb:7
  [1m[35m (0.2ms)[0m  [1m[35mBEGIN[0m
  ↳ app/controllers/api/v1/notes_controller.rb:8
  [1m[36mNote Create (1.2ms)[0m  [1m[32mINSERT INTO "notes" ("content", "created_at", "updated_at", "creature_id") VALUES ($1, $2, $3, $4) RETURNING "id"[0m  [["content", "this is a note about creature 1"], ["created_at", "2018-05-31 20:50:03.663913"], ["updated_at", "2018-05-31 20:50:03.663913"], ["creature_id", 1]]
  ↳ app/controllers/api/v1/notes_controller.rb:8
  [1m[35m (4.5ms)[0m  [1m[35mCOMMIT[0m
  ↳ app/controllers/api/v1/notes_controller.rb:8
  [1m[35m (0.1ms)[0m  [1m[35mBEGIN[0m
  ↳ app/controllers/api/v1/notes_controller.rb:9
  [1m[35m (0.1ms)[0m  [1m[35mCOMMIT[0m
  ↳ app/controllers/api/v1/notes_controller.rb:9
Completed 200 OK in 32ms (Views: 0.6ms | ActiveRecord: 10.2ms)


Started DELETE "/api/v1/creatures/1/notes/1" for 127.0.0.1 at 2018-06-01 07:48:13 -0400
Processing by Api::V1::NotesController#destroy as */*
  Parameters: {"creature_id"=>"1", "id"=>"1"}
  [1m[36mNote Load (2.0ms)[0m  [1m[34mSELECT  "notes".* FROM "notes" WHERE "notes"."id" = $1 LIMIT $2[0m  [["id", 1], ["LIMIT", 1]]
  ↳ app/controllers/api/v1/notes_controller.rb:17
  [1m[35m (0.2ms)[0m  [1m[35mBEGIN[0m
  ↳ app/controllers/api/v1/notes_controller.rb:18
  [1m[36mNote Destroy (2.4ms)[0m  [1m[31mDELETE FROM "notes" WHERE "notes"."id" = $1[0m  [["id", 1]]
  ↳ app/controllers/api/v1/notes_controller.rb:18
  [1m[35m (7.8ms)[0m  [1m[35mCOMMIT[0m
  ↳ app/controllers/api/v1/notes_controller.rb:18
Completed 200 OK in 56ms (Views: 0.9ms | ActiveRecord: 28.5ms)


Started DELETE "/api/v1/creatures/1/notes/" for 127.0.0.1 at 2018-06-01 07:48:22 -0400
  
ActionController::RoutingError (No route matches [DELETE] "/api/v1/creatures/1/notes"):
  
actionpack (5.2.0) lib/action_dispatch/middleware/debug_exceptions.rb:65:in `call'
actionpack (5.2.0) lib/action_dispatch/middleware/show_exceptions.rb:33:in `call'
railties (5.2.0) lib/rails/rack/logger.rb:38:in `call_app'
railties (5.2.0) lib/rails/rack/logger.rb:26:in `block in call'
activesupport (5.2.0) lib/active_support/tagged_logging.rb:71:in `block in tagged'
activesupport (5.2.0) lib/active_support/tagged_logging.rb:28:in `tagged'
activesupport (5.2.0) lib/active_support/tagged_logging.rb:71:in `tagged'
railties (5.2.0) lib/rails/rack/logger.rb:26:in `call'
actionpack (5.2.0) lib/action_dispatch/middleware/remote_ip.rb:81:in `call'
actionpack (5.2.0) lib/action_dispatch/middleware/request_id.rb:27:in `call'
rack (2.0.5) lib/rack/runtime.rb:22:in `call'
activesupport (5.2.0) lib/active_support/cache/strategy/local_cache_middleware.rb:29:in `call'
actionpack (5.2.0) lib/action_dispatch/middleware/executor.rb:14:in `call'
actionpack (5.2.0) lib/action_dispatch/middleware/static.rb:127:in `call'
rack (2.0.5) lib/rack/sendfile.rb:111:in `call'
railties (5.2.0) lib/rails/engine.rb:524:in `call'
puma (3.11.4) lib/puma/configuration.rb:225:in `call'
puma (3.11.4) lib/puma/server.rb:632:in `handle_request'
puma (3.11.4) lib/puma/server.rb:446:in `process_client'
puma (3.11.4) lib/puma/server.rb:306:in `block in run'
puma (3.11.4) lib/puma/thread_pool.rb:120:in `block in spawn_thread'
Started GET "/api/v1/creatures/1/notes/" for 127.0.0.1 at 2018-06-01 07:48:29 -0400
  
AbstractController::ActionNotFound (The action 'index' could not be found for Api::V1::NotesController):
  
actionpack (5.2.0) lib/abstract_controller/base.rb:129:in `process'
actionview (5.2.0) lib/action_view/rendering.rb:32:in `process'
actionpack (5.2.0) lib/action_controller/metal.rb:191:in `dispatch'
actionpack (5.2.0) lib/action_controller/metal.rb:252:in `dispatch'
actionpack (5.2.0) lib/action_dispatch/routing/route_set.rb:52:in `dispatch'
actionpack (5.2.0) lib/action_dispatch/routing/route_set.rb:34:in `serve'
actionpack (5.2.0) lib/action_dispatch/journey/router.rb:52:in `block in serve'
actionpack (5.2.0) lib/action_dispatch/journey/router.rb:35:in `each'
actionpack (5.2.0) lib/action_dispatch/journey/router.rb:35:in `serve'
actionpack (5.2.0) lib/action_dispatch/routing/route_set.rb:840:in `call'
rack (2.0.5) lib/rack/etag.rb:25:in `call'
rack (2.0.5) lib/rack/conditional_get.rb:25:in `call'
rack (2.0.5) lib/rack/head.rb:12:in `call'
activerecord (5.2.0) lib/active_record/migration.rb:559:in `call'
actionpack (5.2.0) lib/action_dispatch/middleware/callbacks.rb:28:in `block in call'
activesupport (5.2.0) lib/active_support/callbacks.rb:98:in `run_callbacks'
actionpack (5.2.0) lib/action_dispatch/middleware/callbacks.rb:26:in `call'
actionpack (5.2.0) lib/action_dispatch/middleware/executor.rb:14:in `call'
actionpack (5.2.0) lib/action_dispatch/middleware/debug_exceptions.rb:61:in `call'
actionpack (5.2.0) lib/action_dispatch/middleware/show_exceptions.rb:33:in `call'
railties (5.2.0) lib/rails/rack/logger.rb:38:in `call_app'
railties (5.2.0) lib/rails/rack/logger.rb:26:in `block in call'
activesupport (5.2.0) lib/active_support/tagged_logging.rb:71:in `block in tagged'
activesupport (5.2.0) lib/active_support/tagged_logging.rb:28:in `tagged'
activesupport (5.2.0) lib/active_support/tagged_logging.rb:71:in `tagged'
railties (5.2.0) lib/rails/rack/logger.rb:26:in `call'
actionpack (5.2.0) lib/action_dispatch/middleware/remote_ip.rb:81:in `call'
actionpack (5.2.0) lib/action_dispatch/middleware/request_id.rb:27:in `call'
rack (2.0.5) lib/rack/runtime.rb:22:in `call'
activesupport (5.2.0) lib/active_support/cache/strategy/local_cache_middleware.rb:29:in `call'
actionpack (5.2.0) lib/action_dispatch/middleware/executor.rb:14:in `call'
actionpack (5.2.0) lib/action_dispatch/middleware/static.rb:127:in `call'
rack (2.0.5) lib/rack/sendfile.rb:111:in `call'
railties (5.2.0) lib/rails/engine.rb:524:in `call'
puma (3.11.4) lib/puma/configuration.rb:225:in `call'
puma (3.11.4) lib/puma/server.rb:632:in `handle_request'
puma (3.11.4) lib/puma/server.rb:446:in `process_client'
puma (3.11.4) lib/puma/server.rb:306:in `block in run'
puma (3.11.4) lib/puma/thread_pool.rb:120:in `block in spawn_thread'
Started POST "/api/v1/creatures/1/notes" for 127.0.0.1 at 2018-06-01 07:49:46 -0400
Processing by Api::V1::NotesController#create as */*
  Parameters: {"content"=>"This is another comment that I will inevitably delete", "creature_id"=>"1", "note"=>{"content"=>"This is another comment that I will inevitably delete"}}
  [1m[36mCreature Load (0.3ms)[0m  [1m[34mSELECT  "creatures".* FROM "creatures" WHERE "creatures"."id" = $1 LIMIT $2[0m  [["id", 1], ["LIMIT", 1]]
  ↳ app/controllers/api/v1/notes_controller.rb:7
  [1m[35m (0.1ms)[0m  [1m[35mBEGIN[0m
  ↳ app/controllers/api/v1/notes_controller.rb:8
  [1m[36mNote Create (0.9ms)[0m  [1m[32mINSERT INTO "notes" ("content", "created_at", "updated_at", "creature_id") VALUES ($1, $2, $3, $4) RETURNING "id"[0m  [["content", "This is another comment that I will inevitably delete"], ["created_at", "2018-06-01 11:49:46.507464"], ["updated_at", "2018-06-01 11:49:46.507464"], ["creature_id", 1]]
  ↳ app/controllers/api/v1/notes_controller.rb:8
  [1m[35m (4.7ms)[0m  [1m[35mCOMMIT[0m
  ↳ app/controllers/api/v1/notes_controller.rb:8
  [1m[35m (0.3ms)[0m  [1m[35mBEGIN[0m
  ↳ app/controllers/api/v1/notes_controller.rb:9
  [1m[35m (0.3ms)[0m  [1m[35mCOMMIT[0m
  ↳ app/controllers/api/v1/notes_controller.rb:9
Completed 200 OK in 38ms (Views: 1.2ms | ActiveRecord: 9.5ms)


Started DELETE "/api/v1/creatures/1/notes/2" for 127.0.0.1 at 2018-06-01 07:50:11 -0400
Processing by Api::V1::NotesController#destroy as */*
  Parameters: {"creature_id"=>"1", "id"=>"2"}
  [1m[36mNote Load (0.2ms)[0m  [1m[34mSELECT  "notes".* FROM "notes" WHERE "notes"."id" = $1 LIMIT $2[0m  [["id", 1], ["LIMIT", 1]]
  ↳ app/controllers/api/v1/notes_controller.rb:17
Completed 404 Not Found in 1ms (ActiveRecord: 0.2ms)


  
ActiveRecord::RecordNotFound (Couldn't find Note with 'id'=1):
  
app/controllers/api/v1/notes_controller.rb:17:in `destroy'
Started DELETE "/api/v1/creatures/1/notes/2" for 127.0.0.1 at 2018-06-01 07:51:32 -0400
Processing by Api::V1::NotesController#destroy as */*
  Parameters: {"creature_id"=>"1", "id"=>"2"}
  [1m[36mCreature Load (0.2ms)[0m  [1m[34mSELECT  "creatures".* FROM "creatures" WHERE "creatures"."id" = $1 LIMIT $2[0m  [["id", 1], ["LIMIT", 1]]
  ↳ app/controllers/api/v1/notes_controller.rb:17
Completed 400 Bad Request in 9ms (ActiveRecord: 2.6ms)


  
ActionController::ParameterMissing (param is missing or the value is empty: note):
  
app/controllers/api/v1/notes_controller.rb:25:in `note_params'
app/controllers/api/v1/notes_controller.rb:18:in `destroy'
Started DELETE "/api/v1/creatures/1/notes/2" for 127.0.0.1 at 2018-06-01 08:00:20 -0400
Processing by Api::V1::NotesController#destroy as */*
  Parameters: {"creature_id"=>"1", "id"=>"2"}
Completed 404 Not Found in 6ms (ActiveRecord: 4.2ms)


  
ActiveRecord::RecordNotFound (Couldn't find Note without an ID):
  
app/controllers/api/v1/notes_controller.rb:17:in `destroy'
Started GET "/api/v1/creatures/1/notes" for 127.0.0.1 at 2018-06-01 08:01:17 -0400
  
AbstractController::ActionNotFound (The action 'index' could not be found for Api::V1::NotesController):
  
actionpack (5.2.0) lib/abstract_controller/base.rb:129:in `process'
actionview (5.2.0) lib/action_view/rendering.rb:32:in `process'
actionpack (5.2.0) lib/action_controller/metal.rb:191:in `dispatch'
actionpack (5.2.0) lib/action_controller/metal.rb:252:in `dispatch'
actionpack (5.2.0) lib/action_dispatch/routing/route_set.rb:52:in `dispatch'
actionpack (5.2.0) lib/action_dispatch/routing/route_set.rb:34:in `serve'
actionpack (5.2.0) lib/action_dispatch/journey/router.rb:52:in `block in serve'
actionpack (5.2.0) lib/action_dispatch/journey/router.rb:35:in `each'
actionpack (5.2.0) lib/action_dispatch/journey/router.rb:35:in `serve'
actionpack (5.2.0) lib/action_dispatch/routing/route_set.rb:840:in `call'
rack (2.0.5) lib/rack/etag.rb:25:in `call'
rack (2.0.5) lib/rack/conditional_get.rb:25:in `call'
rack (2.0.5) lib/rack/head.rb:12:in `call'
activerecord (5.2.0) lib/active_record/migration.rb:559:in `call'
actionpack (5.2.0) lib/action_dispatch/middleware/callbacks.rb:28:in `block in call'
activesupport (5.2.0) lib/active_support/callbacks.rb:98:in `run_callbacks'
actionpack (5.2.0) lib/action_dispatch/middleware/callbacks.rb:26:in `call'
actionpack (5.2.0) lib/action_dispatch/middleware/executor.rb:14:in `call'
actionpack (5.2.0) lib/action_dispatch/middleware/debug_exceptions.rb:61:in `call'
actionpack (5.2.0) lib/action_dispatch/middleware/show_exceptions.rb:33:in `call'
railties (5.2.0) lib/rails/rack/logger.rb:38:in `call_app'
railties (5.2.0) lib/rails/rack/logger.rb:26:in `block in call'
activesupport (5.2.0) lib/active_support/tagged_logging.rb:71:in `block in tagged'
activesupport (5.2.0) lib/active_support/tagged_logging.rb:28:in `tagged'
activesupport (5.2.0) lib/active_support/tagged_logging.rb:71:in `tagged'
railties (5.2.0) lib/rails/rack/logger.rb:26:in `call'
actionpack (5.2.0) lib/action_dispatch/middleware/remote_ip.rb:81:in `call'
actionpack (5.2.0) lib/action_dispatch/middleware/request_id.rb:27:in `call'
rack (2.0.5) lib/rack/runtime.rb:22:in `call'
activesupport (5.2.0) lib/active_support/cache/strategy/local_cache_middleware.rb:29:in `call'
actionpack (5.2.0) lib/action_dispatch/middleware/executor.rb:14:in `call'
actionpack (5.2.0) lib/action_dispatch/middleware/static.rb:127:in `call'
rack (2.0.5) lib/rack/sendfile.rb:111:in `call'
railties (5.2.0) lib/rails/engine.rb:524:in `call'
puma (3.11.4) lib/puma/configuration.rb:225:in `call'
puma (3.11.4) lib/puma/server.rb:632:in `handle_request'
puma (3.11.4) lib/puma/server.rb:446:in `process_client'
puma (3.11.4) lib/puma/server.rb:306:in `block in run'
puma (3.11.4) lib/puma/thread_pool.rb:120:in `block in spawn_thread'
Started GET "/api/v1/creatures/1/" for 127.0.0.1 at 2018-06-01 08:01:53 -0400
Processing by Api::V1::CreaturesController#show as */*
  Parameters: {"id"=>"1"}
  [1m[36mCreature Load (0.3ms)[0m  [1m[34mSELECT  "creatures".* FROM "creatures" WHERE "creatures"."id" = $1 LIMIT $2[0m  [["id", 1], ["LIMIT", 1]]
  ↳ app/controllers/api/v1/creatures_controller.rb:41
Completed 200 OK in 16ms (Views: 0.5ms | ActiveRecord: 5.5ms)


Started GET "/api/v1/creatures/1/notes" for 127.0.0.1 at 2018-06-01 08:01:59 -0400
  
AbstractController::ActionNotFound (The action 'index' could not be found for Api::V1::NotesController):
  
actionpack (5.2.0) lib/abstract_controller/base.rb:129:in `process'
actionview (5.2.0) lib/action_view/rendering.rb:32:in `process'
actionpack (5.2.0) lib/action_controller/metal.rb:191:in `dispatch'
actionpack (5.2.0) lib/action_controller/metal.rb:252:in `dispatch'
actionpack (5.2.0) lib/action_dispatch/routing/route_set.rb:52:in `dispatch'
actionpack (5.2.0) lib/action_dispatch/routing/route_set.rb:34:in `serve'
actionpack (5.2.0) lib/action_dispatch/journey/router.rb:52:in `block in serve'
actionpack (5.2.0) lib/action_dispatch/journey/router.rb:35:in `each'
actionpack (5.2.0) lib/action_dispatch/journey/router.rb:35:in `serve'
actionpack (5.2.0) lib/action_dispatch/routing/route_set.rb:840:in `call'
rack (2.0.5) lib/rack/etag.rb:25:in `call'
rack (2.0.5) lib/rack/conditional_get.rb:25:in `call'
rack (2.0.5) lib/rack/head.rb:12:in `call'
activerecord (5.2.0) lib/active_record/migration.rb:559:in `call'
actionpack (5.2.0) lib/action_dispatch/middleware/callbacks.rb:28:in `block in call'
activesupport (5.2.0) lib/active_support/callbacks.rb:98:in `run_callbacks'
actionpack (5.2.0) lib/action_dispatch/middleware/callbacks.rb:26:in `call'
actionpack (5.2.0) lib/action_dispatch/middleware/executor.rb:14:in `call'
actionpack (5.2.0) lib/action_dispatch/middleware/debug_exceptions.rb:61:in `call'
actionpack (5.2.0) lib/action_dispatch/middleware/show_exceptions.rb:33:in `call'
railties (5.2.0) lib/rails/rack/logger.rb:38:in `call_app'
railties (5.2.0) lib/rails/rack/logger.rb:26:in `block in call'
activesupport (5.2.0) lib/active_support/tagged_logging.rb:71:in `block in tagged'
activesupport (5.2.0) lib/active_support/tagged_logging.rb:28:in `tagged'
activesupport (5.2.0) lib/active_support/tagged_logging.rb:71:in `tagged'
railties (5.2.0) lib/rails/rack/logger.rb:26:in `call'
actionpack (5.2.0) lib/action_dispatch/middleware/remote_ip.rb:81:in `call'
actionpack (5.2.0) lib/action_dispatch/middleware/request_id.rb:27:in `call'
rack (2.0.5) lib/rack/runtime.rb:22:in `call'
activesupport (5.2.0) lib/active_support/cache/strategy/local_cache_middleware.rb:29:in `call'
actionpack (5.2.0) lib/action_dispatch/middleware/executor.rb:14:in `call'
actionpack (5.2.0) lib/action_dispatch/middleware/static.rb:127:in `call'
rack (2.0.5) lib/rack/sendfile.rb:111:in `call'
railties (5.2.0) lib/rails/engine.rb:524:in `call'
puma (3.11.4) lib/puma/configuration.rb:225:in `call'
puma (3.11.4) lib/puma/server.rb:632:in `handle_request'
puma (3.11.4) lib/puma/server.rb:446:in `process_client'
puma (3.11.4) lib/puma/server.rb:306:in `block in run'
puma (3.11.4) lib/puma/thread_pool.rb:120:in `block in spawn_thread'
Started GET "/api/v1/creatures/1/notes" for 127.0.0.1 at 2018-06-01 08:02:43 -0400
Processing by Api::V1::NotesController#index as */*
  Parameters: {"creature_id"=>"1"}
Completed 500 Internal Server Error in 2ms (ActiveRecord: 0.0ms)


  
ArgumentError (wrong number of arguments (given 1, expected 0)):
  
app/controllers/api/v1/notes_controller.rb:7:in `index'
Started GET "/api/v1/creatures/1/notes" for 127.0.0.1 at 2018-06-01 08:03:10 -0400
Processing by Api::V1::NotesController#index as */*
  Parameters: {"creature_id"=>"1"}
Completed 500 Internal Server Error in 8ms (ActiveRecord: 0.0ms)


  
NameError (uninitialized constant Api::V1::NotesController::Notes):
  
app/controllers/api/v1/notes_controller.rb:7:in `index'
Started GET "/api/v1/creatures/1/notes" for 127.0.0.1 at 2018-06-01 08:03:20 -0400
Processing by Api::V1::NotesController#index as */*
  Parameters: {"creature_id"=>"1"}
Completed 500 Internal Server Error in 1ms (ActiveRecord: 0.0ms)


  
ArgumentError (wrong number of arguments (given 1, expected 0)):
  
app/controllers/api/v1/notes_controller.rb:7:in `index'
Started GET "/api/v1/creatures/1/notes" for 127.0.0.1 at 2018-06-01 08:03:39 -0400
Processing by Api::V1::NotesController#index as */*
  Parameters: {"creature_id"=>"1"}
No template found for Api::V1::NotesController#index, rendering head :no_content
Completed 204 No Content in 103ms (ActiveRecord: 0.0ms)


Started POST "/api/v1/creatures/1/notes" for 127.0.0.1 at 2018-06-01 08:03:50 -0400
Processing by Api::V1::NotesController#create as */*
  Parameters: {"content"=>"This is another comment that I will inevitably delete", "creature_id"=>"1", "note"=>{"content"=>"This is another comment that I will inevitably delete"}}
  [1m[36mCreature Load (0.2ms)[0m  [1m[34mSELECT  "creatures".* FROM "creatures" WHERE "creatures"."id" = $1 LIMIT $2[0m  [["id", 1], ["LIMIT", 1]]
  ↳ app/controllers/api/v1/notes_controller.rb:11
  [1m[35m (0.2ms)[0m  [1m[35mBEGIN[0m
  ↳ app/controllers/api/v1/notes_controller.rb:12
  [1m[36mNote Create (0.5ms)[0m  [1m[32mINSERT INTO "notes" ("content", "created_at", "updated_at", "creature_id") VALUES ($1, $2, $3, $4) RETURNING "id"[0m  [["content", "This is another comment that I will inevitably delete"], ["created_at", "2018-06-01 12:03:50.458935"], ["updated_at", "2018-06-01 12:03:50.458935"], ["creature_id", 1]]
  ↳ app/controllers/api/v1/notes_controller.rb:12
  [1m[35m (2.2ms)[0m  [1m[35mCOMMIT[0m
  ↳ app/controllers/api/v1/notes_controller.rb:12
  [1m[35m (0.2ms)[0m  [1m[35mBEGIN[0m
  ↳ app/controllers/api/v1/notes_controller.rb:13
  [1m[35m (0.2ms)[0m  [1m[35mCOMMIT[0m
  ↳ app/controllers/api/v1/notes_controller.rb:13
Completed 200 OK in 24ms (Views: 0.2ms | ActiveRecord: 9.2ms)


Started GET "/api/v1/creatures/1/notes" for 127.0.0.1 at 2018-06-01 08:03:57 -0400
Processing by Api::V1::NotesController#index as */*
  Parameters: {"creature_id"=>"1"}
No template found for Api::V1::NotesController#index, rendering head :no_content
Completed 204 No Content in 102ms (ActiveRecord: 0.0ms)


Started GET "/api/v1/creatures/1/notes" for 127.0.0.1 at 2018-06-01 08:04:16 -0400
Processing by Api::V1::NotesController#index as */*
  Parameters: {"creature_id"=>"1"}
Completed 500 Internal Server Error in 2ms (ActiveRecord: 0.0ms)


  
ArgumentError (wrong number of arguments (given 1, expected 0)):
  
app/controllers/api/v1/notes_controller.rb:7:in `index'
Started GET "/api/v1/creatures/1/notes" for 127.0.0.1 at 2018-06-01 08:06:56 -0400
  
AbstractController::ActionNotFound (The action 'index' could not be found for Api::V1::NotesController):
  
actionpack (5.2.0) lib/abstract_controller/base.rb:129:in `process'
actionview (5.2.0) lib/action_view/rendering.rb:32:in `process'
actionpack (5.2.0) lib/action_controller/metal.rb:191:in `dispatch'
actionpack (5.2.0) lib/action_controller/metal.rb:252:in `dispatch'
actionpack (5.2.0) lib/action_dispatch/routing/route_set.rb:52:in `dispatch'
actionpack (5.2.0) lib/action_dispatch/routing/route_set.rb:34:in `serve'
actionpack (5.2.0) lib/action_dispatch/journey/router.rb:52:in `block in serve'
actionpack (5.2.0) lib/action_dispatch/journey/router.rb:35:in `each'
actionpack (5.2.0) lib/action_dispatch/journey/router.rb:35:in `serve'
actionpack (5.2.0) lib/action_dispatch/routing/route_set.rb:840:in `call'
rack (2.0.5) lib/rack/etag.rb:25:in `call'
rack (2.0.5) lib/rack/conditional_get.rb:25:in `call'
rack (2.0.5) lib/rack/head.rb:12:in `call'
activerecord (5.2.0) lib/active_record/migration.rb:559:in `call'
actionpack (5.2.0) lib/action_dispatch/middleware/callbacks.rb:28:in `block in call'
activesupport (5.2.0) lib/active_support/callbacks.rb:98:in `run_callbacks'
actionpack (5.2.0) lib/action_dispatch/middleware/callbacks.rb:26:in `call'
actionpack (5.2.0) lib/action_dispatch/middleware/executor.rb:14:in `call'
actionpack (5.2.0) lib/action_dispatch/middleware/debug_exceptions.rb:61:in `call'
actionpack (5.2.0) lib/action_dispatch/middleware/show_exceptions.rb:33:in `call'
railties (5.2.0) lib/rails/rack/logger.rb:38:in `call_app'
railties (5.2.0) lib/rails/rack/logger.rb:26:in `block in call'
activesupport (5.2.0) lib/active_support/tagged_logging.rb:71:in `block in tagged'
activesupport (5.2.0) lib/active_support/tagged_logging.rb:28:in `tagged'
activesupport (5.2.0) lib/active_support/tagged_logging.rb:71:in `tagged'
railties (5.2.0) lib/rails/rack/logger.rb:26:in `call'
actionpack (5.2.0) lib/action_dispatch/middleware/remote_ip.rb:81:in `call'
actionpack (5.2.0) lib/action_dispatch/middleware/request_id.rb:27:in `call'
rack (2.0.5) lib/rack/runtime.rb:22:in `call'
activesupport (5.2.0) lib/active_support/cache/strategy/local_cache_middleware.rb:29:in `call'
actionpack (5.2.0) lib/action_dispatch/middleware/executor.rb:14:in `call'
actionpack (5.2.0) lib/action_dispatch/middleware/static.rb:127:in `call'
rack (2.0.5) lib/rack/sendfile.rb:111:in `call'
railties (5.2.0) lib/rails/engine.rb:524:in `call'
puma (3.11.4) lib/puma/configuration.rb:225:in `call'
puma (3.11.4) lib/puma/server.rb:632:in `handle_request'
puma (3.11.4) lib/puma/server.rb:446:in `process_client'
puma (3.11.4) lib/puma/server.rb:306:in `block in run'
puma (3.11.4) lib/puma/thread_pool.rb:120:in `block in spawn_thread'
Started GET "/api/v1/creatures/1/notes" for 127.0.0.1 at 2018-06-01 08:07:21 -0400
Processing by Api::V1::NotesController#index as */*
  Parameters: {"creature_id"=>"1"}
No template found for Api::V1::NotesController#index, rendering head :no_content
Completed 204 No Content in 108ms (ActiveRecord: 0.0ms)


Started GET "/api/v1/creatures/1/notes" for 127.0.0.1 at 2018-06-01 08:07:29 -0400
Processing by Api::V1::NotesController#index as */*
  Parameters: {"creature_id"=>"1"}
Completed 500 Internal Server Error in 5ms (ActiveRecord: 0.0ms)


  
NameError (uninitialized constant Api::V1::NotesController::Notes):
  
app/controllers/api/v1/notes_controller.rb:7:in `index'
Started GET "/api/v1/creatures/1/notes" for 127.0.0.1 at 2018-06-01 08:09:25 -0400
Processing by Api::V1::NotesController#index as */*
  Parameters: {"creature_id"=>"1"}
Completed 404 Not Found in 5ms (ActiveRecord: 2.9ms)


  
ActiveRecord::RecordNotFound (Couldn't find Note without an ID):
  
app/controllers/api/v1/notes_controller.rb:7:in `index'
Started GET "/api/v1/creatures/1/notes" for 127.0.0.1 at 2018-06-01 08:09:58 -0400
Processing by Api::V1::NotesController#index as */*
  Parameters: {"creature_id"=>"1"}
Completed 404 Not Found in 4ms (ActiveRecord: 2.3ms)


  
ActiveRecord::RecordNotFound (Couldn't find Note without an ID):
  
app/controllers/api/v1/notes_controller.rb:7:in `index'
Started GET "/api/v1/creatures/1/notes" for 127.0.0.1 at 2018-06-01 08:13:33 -0400
  
SyntaxError (/Users/jacob/Momentum/rails-tracker-jacobfh/creature_tracker/app/controllers/api/v1/notes_controller.rb:19: syntax error, unexpected '(', expecting keyword_end
...        renser json: @creature(@note.creature_id)
...                              ^
/Users/jacob/Momentum/rails-tracker-jacobfh/creature_tracker/app/controllers/api/v1/notes_controller.rb:19: syntax error, unexpected ')', expecting keyword_end
...n: @creature(@note.creature_id)
...                              ^):
  
app/controllers/api/v1/notes_controller.rb:19: syntax error, unexpected '(', expecting keyword_end
app/controllers/api/v1/notes_controller.rb:19: syntax error, unexpected ')', expecting keyword_end
Started GET "/api/v1/creatures/1/notes" for 127.0.0.1 at 2018-06-01 08:13:46 -0400
  
SyntaxError (/Users/jacob/Momentum/rails-tracker-jacobfh/creature_tracker/app/controllers/api/v1/notes_controller.rb:19: syntax error, unexpected '(', expecting keyword_end
...        render json: @creature(@note.creature_id)
...                              ^
/Users/jacob/Momentum/rails-tracker-jacobfh/creature_tracker/app/controllers/api/v1/notes_controller.rb:19: syntax error, unexpected ')', expecting keyword_end
...n: @creature(@note.creature_id)
...                              ^):
  
app/controllers/api/v1/notes_controller.rb:19: syntax error, unexpected '(', expecting keyword_end
app/controllers/api/v1/notes_controller.rb:19: syntax error, unexpected ')', expecting keyword_end
Started GET "/api/v1/creatures/1/notes" for 127.0.0.1 at 2018-06-01 08:14:09 -0400
  
AbstractController::ActionNotFound (The action 'index' could not be found for Api::V1::NotesController):
  
actionpack (5.2.0) lib/abstract_controller/base.rb:129:in `process'
actionview (5.2.0) lib/action_view/rendering.rb:32:in `process'
actionpack (5.2.0) lib/action_controller/metal.rb:191:in `dispatch'
actionpack (5.2.0) lib/action_controller/metal.rb:252:in `dispatch'
actionpack (5.2.0) lib/action_dispatch/routing/route_set.rb:52:in `dispatch'
actionpack (5.2.0) lib/action_dispatch/routing/route_set.rb:34:in `serve'
actionpack (5.2.0) lib/action_dispatch/journey/router.rb:52:in `block in serve'
actionpack (5.2.0) lib/action_dispatch/journey/router.rb:35:in `each'
actionpack (5.2.0) lib/action_dispatch/journey/router.rb:35:in `serve'
actionpack (5.2.0) lib/action_dispatch/routing/route_set.rb:840:in `call'
rack (2.0.5) lib/rack/etag.rb:25:in `call'
rack (2.0.5) lib/rack/conditional_get.rb:25:in `call'
rack (2.0.5) lib/rack/head.rb:12:in `call'
activerecord (5.2.0) lib/active_record/migration.rb:559:in `call'
actionpack (5.2.0) lib/action_dispatch/middleware/callbacks.rb:28:in `block in call'
activesupport (5.2.0) lib/active_support/callbacks.rb:98:in `run_callbacks'
actionpack (5.2.0) lib/action_dispatch/middleware/callbacks.rb:26:in `call'
actionpack (5.2.0) lib/action_dispatch/middleware/executor.rb:14:in `call'
actionpack (5.2.0) lib/action_dispatch/middleware/debug_exceptions.rb:61:in `call'
actionpack (5.2.0) lib/action_dispatch/middleware/show_exceptions.rb:33:in `call'
railties (5.2.0) lib/rails/rack/logger.rb:38:in `call_app'
railties (5.2.0) lib/rails/rack/logger.rb:26:in `block in call'
activesupport (5.2.0) lib/active_support/tagged_logging.rb:71:in `block in tagged'
activesupport (5.2.0) lib/active_support/tagged_logging.rb:28:in `tagged'
activesupport (5.2.0) lib/active_support/tagged_logging.rb:71:in `tagged'
railties (5.2.0) lib/rails/rack/logger.rb:26:in `call'
actionpack (5.2.0) lib/action_dispatch/middleware/remote_ip.rb:81:in `call'
actionpack (5.2.0) lib/action_dispatch/middleware/request_id.rb:27:in `call'
rack (2.0.5) lib/rack/runtime.rb:22:in `call'
activesupport (5.2.0) lib/active_support/cache/strategy/local_cache_middleware.rb:29:in `call'
actionpack (5.2.0) lib/action_dispatch/middleware/executor.rb:14:in `call'
actionpack (5.2.0) lib/action_dispatch/middleware/static.rb:127:in `call'
rack (2.0.5) lib/rack/sendfile.rb:111:in `call'
railties (5.2.0) lib/rails/engine.rb:524:in `call'
puma (3.11.4) lib/puma/configuration.rb:225:in `call'
puma (3.11.4) lib/puma/server.rb:632:in `handle_request'
puma (3.11.4) lib/puma/server.rb:446:in `process_client'
puma (3.11.4) lib/puma/server.rb:306:in `block in run'
puma (3.11.4) lib/puma/thread_pool.rb:120:in `block in spawn_thread'
Started GET "/api/v1/creatures/1/notes" for 127.0.0.1 at 2018-06-01 08:15:32 -0400
Processing by Api::V1::NotesController#index as */*
  Parameters: {"creature_id"=>"1"}
  [1m[36mNote Load (0.2ms)[0m  [1m[34mSELECT  "notes".* FROM "notes" WHERE "notes"."id" = $1 LIMIT $2[0m  [["id", 1], ["LIMIT", 1]]
  ↳ app/controllers/api/v1/notes_controller.rb:7
Completed 404 Not Found in 6ms (ActiveRecord: 2.4ms)


  
ActiveRecord::RecordNotFound (Couldn't find Note with 'id'=1):
  
app/controllers/api/v1/notes_controller.rb:7:in `index'
Started GET "/api/v1/creatures/1/notes/3" for 127.0.0.1 at 2018-06-01 08:15:43 -0400
Processing by Api::V1::NotesController#show as */*
  Parameters: {"creature_id"=>"1", "id"=>"3"}
  [1m[36mNote Load (0.2ms)[0m  [1m[34mSELECT  "notes".* FROM "notes" WHERE "notes"."id" = $1 LIMIT $2[0m  [["id", 1], ["LIMIT", 1]]
  ↳ app/controllers/api/v1/notes_controller.rb:3
Completed 404 Not Found in 1ms (ActiveRecord: 0.2ms)


  
ActiveRecord::RecordNotFound (Couldn't find Note with 'id'=1):
  
app/controllers/api/v1/notes_controller.rb:3:in `show'
