  [1m[35m (431.6ms)[0m  [1m[35mCREATE DATABASE "tracker_development" ENCODING = 'unicode'[0m
  ↳ bin/rails:9
  [1m[35m (370.5ms)[0m  [1m[35mCREATE DATABASE "tracker_test" ENCODING = 'unicode'[0m
  ↳ bin/rails:9
  [1m[35m (6.1ms)[0m  [1m[35mCREATE TABLE "schema_migrations" ("version" character varying NOT NULL PRIMARY KEY)[0m
  ↳ bin/rails:9
  [1m[35m (7.1ms)[0m  [1m[35mCREATE TABLE "ar_internal_metadata" ("key" character varying NOT NULL PRIMARY KEY, "value" character varying, "created_at" timestamp NOT NULL, "updated_at" timestamp NOT NULL)[0m
  ↳ bin/rails:9
  [1m[35m (0.2ms)[0m  [1m[34mSELECT pg_try_advisory_lock(6906781023035481105)[0m
  ↳ bin/rails:9
  [1m[35m (0.4ms)[0m  [1m[34mSELECT "schema_migrations"."version" FROM "schema_migrations" ORDER BY "schema_migrations"."version" ASC[0m
  ↳ bin/rails:9
Migrating to CreateCoffees (20180530180119)
  [1m[35m (0.2ms)[0m  [1m[35mBEGIN[0m
  ↳ bin/rails:9
  [1m[35m (6.8ms)[0m  [1m[35mCREATE TABLE "coffees" ("id" bigserial primary key, "blend_name" character varying, "origin" character varying, "notes" character varying, "created_at" timestamp NOT NULL, "updated_at" timestamp NOT NULL)[0m
  ↳ db/migrate/20180530180119_create_coffees.rb:3
  [1m[36mActiveRecord::SchemaMigration Create (0.6ms)[0m  [1m[32mINSERT INTO "schema_migrations" ("version") VALUES ($1) RETURNING "version"[0m  [["version", "20180530180119"]]
  ↳ bin/rails:9
  [1m[35m (0.4ms)[0m  [1m[35mCOMMIT[0m
  ↳ bin/rails:9
  [1m[36mActiveRecord::InternalMetadata Load (0.2ms)[0m  [1m[34mSELECT  "ar_internal_metadata".* FROM "ar_internal_metadata" WHERE "ar_internal_metadata"."key" = $1 LIMIT $2[0m  [["key", "environment"], ["LIMIT", 1]]
  ↳ bin/rails:9
  [1m[35m (0.1ms)[0m  [1m[35mBEGIN[0m
  ↳ bin/rails:9
  [1m[36mActiveRecord::InternalMetadata Create (0.5ms)[0m  [1m[32mINSERT INTO "ar_internal_metadata" ("key", "value", "created_at", "updated_at") VALUES ($1, $2, $3, $4) RETURNING "key"[0m  [["key", "environment"], ["value", "development"], ["created_at", "2018-05-30 18:07:45.532593"], ["updated_at", "2018-05-30 18:07:45.532593"]]
  ↳ bin/rails:9
  [1m[35m (0.4ms)[0m  [1m[35mCOMMIT[0m
  ↳ bin/rails:9
  [1m[35m (0.2ms)[0m  [1m[34mSELECT pg_advisory_unlock(6906781023035481105)[0m
  ↳ bin/rails:9
  [1m[35m (0.2ms)[0m  [1m[34mSELECT "schema_migrations"."version" FROM "schema_migrations" ORDER BY "schema_migrations"."version" ASC[0m
  ↳ bin/rails:9
  [1m[35m (0.5ms)[0m  [1m[34mSELECT "schema_migrations"."version" FROM "schema_migrations" ORDER BY "schema_migrations"."version" ASC[0m
  ↳ bin/rails:9
  [1m[35m (0.4ms)[0m  [1m[34mSELECT "schema_migrations"."version" FROM "schema_migrations" ORDER BY "schema_migrations"."version" ASC[0m
  ↳ bin/rails:9
  [1m[35m (0.2ms)[0m  [1m[35mBEGIN[0m
  ↳ db/seeds.rb:2
  [1m[36mCoffee Create (0.8ms)[0m  [1m[32mINSERT INTO "coffees" ("blend_name", "origin", "notes", "created_at", "updated_at") VALUES ($1, $2, $3, $4, $5) RETURNING "id"[0m  [["blend_name", "Thanksgiving Select"], ["origin", "Opalca, Honduras"], ["notes", "bright, chewy, strawberry, lemon, orange blossom"], ["created_at", "2018-05-30 18:09:17.536074"], ["updated_at", "2018-05-30 18:09:17.536074"]]
  ↳ db/seeds.rb:2
  [1m[35m (0.4ms)[0m  [1m[35mCOMMIT[0m
  ↳ db/seeds.rb:2
  [1m[35m (0.1ms)[0m  [1m[35mBEGIN[0m
  ↳ db/seeds.rb:2
  [1m[36mCoffee Create (0.2ms)[0m  [1m[32mINSERT INTO "coffees" ("blend_name", "origin", "notes", "created_at", "updated_at") VALUES ($1, $2, $3, $4, $5) RETURNING "id"[0m  [["blend_name", "Reg's Cup"], ["origin", "Cacahuatique, El Salvador"], ["notes", "mild, watery, passion fruit, cantaloupe, cola"], ["created_at", "2018-05-30 18:09:17.539700"], ["updated_at", "2018-05-30 18:09:17.539700"]]
  ↳ db/seeds.rb:2
  [1m[35m (0.5ms)[0m  [1m[35mCOMMIT[0m
  ↳ db/seeds.rb:2
  [1m[35m (0.1ms)[0m  [1m[35mBEGIN[0m
  ↳ db/seeds.rb:2
  [1m[36mCoffee Create (0.2ms)[0m  [1m[32mINSERT INTO "coffees" ("blend_name", "origin", "notes", "created_at", "updated_at") VALUES ($1, $2, $3, $4, $5) RETURNING "id"[0m  [["blend_name", "Strong Been"], ["origin", "Masaya, Nicaragua"], ["notes", "deep, velvety, toast, hazelnut, magnolia"], ["created_at", "2018-05-30 18:09:17.541772"], ["updated_at", "2018-05-30 18:09:17.541772"]]
  ↳ db/seeds.rb:2
  [1m[35m (0.5ms)[0m  [1m[35mCOMMIT[0m
  ↳ db/seeds.rb:2
  [1m[35m (0.1ms)[0m  [1m[35mBEGIN[0m
  ↳ db/seeds.rb:2
  [1m[36mCoffee Create (0.2ms)[0m  [1m[32mINSERT INTO "coffees" ("blend_name", "origin", "notes", "created_at", "updated_at") VALUES ($1, $2, $3, $4, $5) RETURNING "id"[0m  [["blend_name", "Strong Volcano"], ["origin", "Nayarit, Mexico"], ["notes", "tart, smooth, fresh bread, clove, musty"], ["created_at", "2018-05-30 18:09:17.543856"], ["updated_at", "2018-05-30 18:09:17.543856"]]
  ↳ db/seeds.rb:2
  [1m[35m (0.4ms)[0m  [1m[35mCOMMIT[0m
  ↳ db/seeds.rb:2
  [1m[35m (0.2ms)[0m  [1m[35mBEGIN[0m
  ↳ db/seeds.rb:2
  [1m[36mCoffee Create (0.3ms)[0m  [1m[32mINSERT INTO "coffees" ("blend_name", "origin", "notes", "created_at", "updated_at") VALUES ($1, $2, $3, $4, $5) RETURNING "id"[0m  [["blend_name", "Jacked Solstice"], ["origin", "Matagalpa, Nicaragua"], ["notes", "pointed, chewy, vanilla, black pepper, almond"], ["created_at", "2018-05-30 18:09:17.545926"], ["updated_at", "2018-05-30 18:09:17.545926"]]
  ↳ db/seeds.rb:2
  [1m[35m (0.4ms)[0m  [1m[35mCOMMIT[0m
  ↳ db/seeds.rb:2
  [1m[35m (0.1ms)[0m  [1m[35mBEGIN[0m
  ↳ db/seeds.rb:2
  [1m[36mCoffee Create (0.2ms)[0m  [1m[32mINSERT INTO "coffees" ("blend_name", "origin", "notes", "created_at", "updated_at") VALUES ($1, $2, $3, $4, $5) RETURNING "id"[0m  [["blend_name", "Melty Forrester"], ["origin", "Lintong, Sumatra"], ["notes", "astringent, coating, lemongrass, snow pea, rye"], ["created_at", "2018-05-30 18:09:17.547882"], ["updated_at", "2018-05-30 18:09:17.547882"]]
  ↳ db/seeds.rb:2
  [1m[35m (0.4ms)[0m  [1m[35mCOMMIT[0m
  ↳ db/seeds.rb:2
  [1m[35m (0.1ms)[0m  [1m[35mBEGIN[0m
  ↳ db/seeds.rb:2
  [1m[36mCoffee Create (0.3ms)[0m  [1m[32mINSERT INTO "coffees" ("blend_name", "origin", "notes", "created_at", "updated_at") VALUES ($1, $2, $3, $4, $5) RETURNING "id"[0m  [["blend_name", "Chocolate Cup"], ["origin", "Northern Region, Kilimanjaro, Tanzania"], ["notes", "wild, watery, molasses, baggy, quakery"], ["created_at", "2018-05-30 18:09:17.550012"], ["updated_at", "2018-05-30 18:09:17.550012"]]
  ↳ db/seeds.rb:2
  [1m[35m (0.4ms)[0m  [1m[35mCOMMIT[0m
  ↳ db/seeds.rb:2
  [1m[35m (0.1ms)[0m  [1m[35mBEGIN[0m
  ↳ db/seeds.rb:2
  [1m[36mCoffee Create (0.2ms)[0m  [1m[32mINSERT INTO "coffees" ("blend_name", "origin", "notes", "created_at", "updated_at") VALUES ($1, $2, $3, $4, $5) RETURNING "id"[0m  [["blend_name", "Winter Town"], ["origin", "Kisii, Kenya"], ["notes", "delicate, full, nutella, prune, apricot"], ["created_at", "2018-05-30 18:09:17.552462"], ["updated_at", "2018-05-30 18:09:17.552462"]]
  ↳ db/seeds.rb:2
  [1m[35m (0.4ms)[0m  [1m[35mCOMMIT[0m
  ↳ db/seeds.rb:2
  [1m[35m (0.1ms)[0m  [1m[35mBEGIN[0m
  ↳ db/seeds.rb:2
  [1m[36mCoffee Create (0.2ms)[0m  [1m[32mINSERT INTO "coffees" ("blend_name", "origin", "notes", "created_at", "updated_at") VALUES ($1, $2, $3, $4, $5) RETURNING "id"[0m  [["blend_name", "Pumpkin-spice Enlightenment"], ["origin", "Aceh, Sumatra"], ["notes", "quick, smooth, tangerine, jasmine, tamarind"], ["created_at", "2018-05-30 18:09:17.554372"], ["updated_at", "2018-05-30 18:09:17.554372"]]
  ↳ db/seeds.rb:2
  [1m[35m (0.4ms)[0m  [1m[35mCOMMIT[0m
  ↳ db/seeds.rb:2
  [1m[35m (0.1ms)[0m  [1m[35mBEGIN[0m
  ↳ db/seeds.rb:2
  [1m[36mCoffee Create (0.3ms)[0m  [1m[32mINSERT INTO "coffees" ("blend_name", "origin", "notes", "created_at", "updated_at") VALUES ($1, $2, $3, $4, $5) RETURNING "id"[0m  [["blend_name", "Pumpkin-spice Delight"], ["origin", "Kayanza, Burundi"], ["notes", "soft, watery, hay, blueberry, plum"], ["created_at", "2018-05-30 18:09:17.556377"], ["updated_at", "2018-05-30 18:09:17.556377"]]
  ↳ db/seeds.rb:2
  [1m[35m (0.3ms)[0m  [1m[35mCOMMIT[0m
  ↳ db/seeds.rb:2
Started GET "/" for 127.0.0.1 at 2018-05-30 14:10:25 -0400
  [1m[35m (0.4ms)[0m  [1m[34mSELECT "schema_migrations"."version" FROM "schema_migrations" ORDER BY "schema_migrations"."version" ASC[0m
  ↳ /Users/jacob/.rbenv/versions/2.5.0/lib/ruby/gems/2.5.0/gems/activerecord-5.2.0/lib/active_record/log_subscriber.rb:98
Processing by Rails::WelcomeController#index as HTML
  Rendering /Users/jacob/.rbenv/versions/2.5.0/lib/ruby/gems/2.5.0/gems/railties-5.2.0/lib/rails/templates/rails/welcome/index.html.erb
  Rendered /Users/jacob/.rbenv/versions/2.5.0/lib/ruby/gems/2.5.0/gems/railties-5.2.0/lib/rails/templates/rails/welcome/index.html.erb (3.3ms)
Completed 200 OK in 13ms (Views: 10.0ms | ActiveRecord: 0.0ms)


Started GET "/" for 127.0.0.1 at 2018-05-30 14:10:26 -0400
Processing by Rails::WelcomeController#index as HTML
  Rendering /Users/jacob/.rbenv/versions/2.5.0/lib/ruby/gems/2.5.0/gems/railties-5.2.0/lib/rails/templates/rails/welcome/index.html.erb
  Rendered /Users/jacob/.rbenv/versions/2.5.0/lib/ruby/gems/2.5.0/gems/railties-5.2.0/lib/rails/templates/rails/welcome/index.html.erb (2.0ms)
Completed 200 OK in 10ms (Views: 6.7ms | ActiveRecord: 0.0ms)


Started GET "/coffee" for 127.0.0.1 at 2018-05-30 14:10:44 -0400
  
ActionController::RoutingError (No route matches [GET] "/coffee"):
  
actionpack (5.2.0) lib/action_dispatch/middleware/debug_exceptions.rb:65:in `call'
actionpack (5.2.0) lib/action_dispatch/middleware/show_exceptions.rb:33:in `call'
railties (5.2.0) lib/rails/rack/logger.rb:38:in `call_app'
railties (5.2.0) lib/rails/rack/logger.rb:26:in `block in call'
activesupport (5.2.0) lib/active_support/tagged_logging.rb:71:in `block in tagged'
activesupport (5.2.0) lib/active_support/tagged_logging.rb:28:in `tagged'
activesupport (5.2.0) lib/active_support/tagged_logging.rb:71:in `tagged'
railties (5.2.0) lib/rails/rack/logger.rb:26:in `call'
actionpack (5.2.0) lib/action_dispatch/middleware/remote_ip.rb:81:in `call'
actionpack (5.2.0) lib/action_dispatch/middleware/request_id.rb:27:in `call'
rack (2.0.5) lib/rack/runtime.rb:22:in `call'
activesupport (5.2.0) lib/active_support/cache/strategy/local_cache_middleware.rb:29:in `call'
actionpack (5.2.0) lib/action_dispatch/middleware/executor.rb:14:in `call'
actionpack (5.2.0) lib/action_dispatch/middleware/static.rb:127:in `call'
rack (2.0.5) lib/rack/sendfile.rb:111:in `call'
railties (5.2.0) lib/rails/engine.rb:524:in `call'
puma (3.11.4) lib/puma/configuration.rb:225:in `call'
puma (3.11.4) lib/puma/server.rb:632:in `handle_request'
puma (3.11.4) lib/puma/server.rb:446:in `process_client'
puma (3.11.4) lib/puma/server.rb:306:in `block in run'
puma (3.11.4) lib/puma/thread_pool.rb:120:in `block in spawn_thread'
Started GET "/rails/info/routes" for 127.0.0.1 at 2018-05-30 14:10:53 -0400
Processing by Rails::InfoController#routes as HTML
  Rendering /Users/jacob/.rbenv/versions/2.5.0/lib/ruby/gems/2.5.0/gems/railties-5.2.0/lib/rails/templates/rails/info/routes.html.erb within layouts/application
  Rendered collection of /Users/jacob/.rbenv/versions/2.5.0/lib/ruby/gems/2.5.0/gems/actionpack-5.2.0/lib/action_dispatch/middleware/templates/routes/_route.html.erb [11 times] (3.2ms)
  Rendered /Users/jacob/.rbenv/versions/2.5.0/lib/ruby/gems/2.5.0/gems/actionpack-5.2.0/lib/action_dispatch/middleware/templates/routes/_table.html.erb (14.4ms)
  Rendered /Users/jacob/.rbenv/versions/2.5.0/lib/ruby/gems/2.5.0/gems/railties-5.2.0/lib/rails/templates/rails/info/routes.html.erb within layouts/application (27.9ms)
Completed 200 OK in 51ms (Views: 43.7ms | ActiveRecord: 0.0ms)


Started GET "/coffees" for 127.0.0.1 at 2018-05-30 14:11:00 -0400
Processing by CoffeesController#index as */*
  [1m[36mCoffee Load (0.6ms)[0m  [1m[34mSELECT "coffees".* FROM "coffees"[0m
  ↳ app/controllers/coffees_controller.rb:8
Completed 200 OK in 13ms (Views: 6.9ms | ActiveRecord: 5.2ms)


Started GET "/coffees" for 127.0.0.1 at 2018-05-30 14:11:57 -0400
Processing by CoffeesController#index as */*
  [1m[36mCoffee Load (0.9ms)[0m  [1m[34mSELECT "coffees".* FROM "coffees"[0m
  ↳ app/controllers/coffees_controller.rb:8
Completed 200 OK in 4ms (Views: 3.2ms | ActiveRecord: 0.9ms)


Started GET "/rails/info/routes" for 127.0.0.1 at 2018-05-30 14:12:56 -0400
Processing by Rails::InfoController#routes as HTML
  Rendering /Users/jacob/.rbenv/versions/2.5.0/lib/ruby/gems/2.5.0/gems/railties-5.2.0/lib/rails/templates/rails/info/routes.html.erb within layouts/application
  Rendered collection of /Users/jacob/.rbenv/versions/2.5.0/lib/ruby/gems/2.5.0/gems/actionpack-5.2.0/lib/action_dispatch/middleware/templates/routes/_route.html.erb [11 times] (3.7ms)
  Rendered /Users/jacob/.rbenv/versions/2.5.0/lib/ruby/gems/2.5.0/gems/actionpack-5.2.0/lib/action_dispatch/middleware/templates/routes/_table.html.erb (1.8ms)
  Rendered /Users/jacob/.rbenv/versions/2.5.0/lib/ruby/gems/2.5.0/gems/railties-5.2.0/lib/rails/templates/rails/info/routes.html.erb within layouts/application (24.5ms)
Completed 200 OK in 41ms (Views: 36.7ms | ActiveRecord: 0.0ms)


Started GET "/coffees" for 127.0.0.1 at 2018-05-30 14:13:08 -0400
Processing by CoffeesController#index as HTML
  [1m[36mCoffee Load (0.2ms)[0m  [1m[34mSELECT "coffees".* FROM "coffees"[0m
  ↳ app/controllers/coffees_controller.rb:8
Completed 200 OK in 3ms (Views: 2.5ms | ActiveRecord: 0.2ms)


Started GET "/coffees/new" for 127.0.0.1 at 2018-05-30 14:13:23 -0400
Processing by CoffeesController#show as HTML
  Parameters: {"id"=>"new"}
  [1m[36mCoffee Load (0.3ms)[0m  [1m[34mSELECT  "coffees".* FROM "coffees" WHERE "coffees"."id" = $1 LIMIT $2[0m  [["id", 0], ["LIMIT", 1]]
  ↳ app/controllers/coffees_controller.rb:44
Completed 404 Not Found in 13ms (ActiveRecord: 0.5ms)


  
ActiveRecord::RecordNotFound (Couldn't find Coffee with 'id'=new):
  
app/controllers/coffees_controller.rb:44:in `set_coffee'
Started GET "/coffees/create" for 127.0.0.1 at 2018-05-30 14:13:32 -0400
Processing by CoffeesController#show as HTML
  Parameters: {"id"=>"create"}
  [1m[36mCoffee Load (0.2ms)[0m  [1m[34mSELECT  "coffees".* FROM "coffees" WHERE "coffees"."id" = $1 LIMIT $2[0m  [["id", 0], ["LIMIT", 1]]
  ↳ app/controllers/coffees_controller.rb:44
Completed 404 Not Found in 1ms (ActiveRecord: 0.2ms)


  
ActiveRecord::RecordNotFound (Couldn't find Coffee with 'id'=create):
  
app/controllers/coffees_controller.rb:44:in `set_coffee'
Started GET "/coffees/1" for 127.0.0.1 at 2018-05-30 14:13:36 -0400
Processing by CoffeesController#show as HTML
  Parameters: {"id"=>"1"}
  [1m[36mCoffee Load (0.2ms)[0m  [1m[34mSELECT  "coffees".* FROM "coffees" WHERE "coffees"."id" = $1 LIMIT $2[0m  [["id", 1], ["LIMIT", 1]]
  ↳ app/controllers/coffees_controller.rb:44
Completed 200 OK in 3ms (Views: 2.4ms | ActiveRecord: 0.2ms)


Started POST "/coffees" for 127.0.0.1 at 2018-05-30 14:19:12 -0400
Processing by CoffeesController#create as */*
Completed 400 Bad Request in 0ms (ActiveRecord: 0.0ms)


  
ActionController::ParameterMissing (param is missing or the value is empty: coffee):
  
app/controllers/coffees_controller.rb:49:in `coffee_params'
app/controllers/coffees_controller.rb:18:in `create'
Started POST "/" for 127.0.0.1 at 2018-05-30 14:19:26 -0400
  
ActionController::RoutingError (No route matches [POST] "/"):
  
actionpack (5.2.0) lib/action_dispatch/middleware/debug_exceptions.rb:65:in `call'
actionpack (5.2.0) lib/action_dispatch/middleware/show_exceptions.rb:33:in `call'
railties (5.2.0) lib/rails/rack/logger.rb:38:in `call_app'
railties (5.2.0) lib/rails/rack/logger.rb:26:in `block in call'
activesupport (5.2.0) lib/active_support/tagged_logging.rb:71:in `block in tagged'
activesupport (5.2.0) lib/active_support/tagged_logging.rb:28:in `tagged'
activesupport (5.2.0) lib/active_support/tagged_logging.rb:71:in `tagged'
railties (5.2.0) lib/rails/rack/logger.rb:26:in `call'
actionpack (5.2.0) lib/action_dispatch/middleware/remote_ip.rb:81:in `call'
actionpack (5.2.0) lib/action_dispatch/middleware/request_id.rb:27:in `call'
rack (2.0.5) lib/rack/runtime.rb:22:in `call'
activesupport (5.2.0) lib/active_support/cache/strategy/local_cache_middleware.rb:29:in `call'
actionpack (5.2.0) lib/action_dispatch/middleware/executor.rb:14:in `call'
actionpack (5.2.0) lib/action_dispatch/middleware/static.rb:127:in `call'
rack (2.0.5) lib/rack/sendfile.rb:111:in `call'
railties (5.2.0) lib/rails/engine.rb:524:in `call'
puma (3.11.4) lib/puma/configuration.rb:225:in `call'
puma (3.11.4) lib/puma/server.rb:632:in `handle_request'
puma (3.11.4) lib/puma/server.rb:446:in `process_client'
puma (3.11.4) lib/puma/server.rb:306:in `block in run'
puma (3.11.4) lib/puma/thread_pool.rb:120:in `block in spawn_thread'
Started GET "/" for 127.0.0.1 at 2018-05-30 14:19:31 -0400
Processing by Rails::WelcomeController#index as */*
  Rendering /Users/jacob/.rbenv/versions/2.5.0/lib/ruby/gems/2.5.0/gems/railties-5.2.0/lib/rails/templates/rails/welcome/index.html.erb
  Rendered /Users/jacob/.rbenv/versions/2.5.0/lib/ruby/gems/2.5.0/gems/railties-5.2.0/lib/rails/templates/rails/welcome/index.html.erb (1.5ms)
Completed 200 OK in 64ms (Views: 28.1ms | ActiveRecord: 0.0ms)


Started GET "/coffees" for 127.0.0.1 at 2018-05-30 14:19:50 -0400
Processing by CoffeesController#index as */*
  [1m[36mCoffee Load (0.3ms)[0m  [1m[34mSELECT "coffees".* FROM "coffees"[0m
  ↳ app/controllers/coffees_controller.rb:8
Completed 200 OK in 3ms (Views: 2.3ms | ActiveRecord: 0.3ms)


Started POST "/coffees" for 127.0.0.1 at 2018-05-30 14:21:11 -0400
Processing by CoffeesController#create as */*
  Parameters: {"blend_name"=>"Cowboy", "origin"=>"NC", "notes"=>"yummy"}
Completed 400 Bad Request in 0ms (ActiveRecord: 0.0ms)


  
ActionController::ParameterMissing (param is missing or the value is empty: coffee):
  
app/controllers/coffees_controller.rb:49:in `coffee_params'
app/controllers/coffees_controller.rb:18:in `create'
Started GET "/coffees" for 127.0.0.1 at 2018-05-30 14:21:32 -0400
Processing by CoffeesController#index as */*
  [1m[36mCoffee Load (1.2ms)[0m  [1m[34mSELECT "coffees".* FROM "coffees"[0m
  ↳ app/controllers/coffees_controller.rb:8
Completed 200 OK in 5ms (Views: 3.7ms | ActiveRecord: 1.2ms)


Started POST "/coffees" for 127.0.0.1 at 2018-05-30 14:21:55 -0400
Processing by CoffeesController#create as */*
  Parameters: {"text/plain"=>["Cowboy", "NC", "yummy"]}
Completed 400 Bad Request in 0ms (ActiveRecord: 0.0ms)


  
ActionController::ParameterMissing (param is missing or the value is empty: coffee):
  
app/controllers/coffees_controller.rb:49:in `coffee_params'
app/controllers/coffees_controller.rb:18:in `create'
Started GET "/coffees/1" for 127.0.0.1 at 2018-05-30 14:24:23 -0400
  
ActionController::RoutingError (uninitialized constant CoffeesController):
  
bootsnap (1.3.0) lib/bootsnap/load_path_cache/core_ext/active_support.rb:53:in `block in load_missing_constant'
bootsnap (1.3.0) lib/bootsnap/load_path_cache/core_ext/active_support.rb:8:in `without_bootsnap_cache'
bootsnap (1.3.0) lib/bootsnap/load_path_cache/core_ext/active_support.rb:53:in `rescue in load_missing_constant'
bootsnap (1.3.0) lib/bootsnap/load_path_cache/core_ext/active_support.rb:42:in `load_missing_constant'
activesupport (5.2.0) lib/active_support/inflector/methods.rb:283:in `const_get'
activesupport (5.2.0) lib/active_support/inflector/methods.rb:283:in `block in constantize'
activesupport (5.2.0) lib/active_support/inflector/methods.rb:281:in `each'
activesupport (5.2.0) lib/active_support/inflector/methods.rb:281:in `inject'
activesupport (5.2.0) lib/active_support/inflector/methods.rb:281:in `constantize'
actionpack (5.2.0) lib/action_dispatch/http/request.rb:88:in `controller_class_for'
actionpack (5.2.0) lib/action_dispatch/http/request.rb:81:in `controller_class'
actionpack (5.2.0) lib/action_dispatch/routing/route_set.rb:46:in `controller'
actionpack (5.2.0) lib/action_dispatch/routing/route_set.rb:32:in `serve'
actionpack (5.2.0) lib/action_dispatch/journey/router.rb:52:in `block in serve'
actionpack (5.2.0) lib/action_dispatch/journey/router.rb:35:in `each'
actionpack (5.2.0) lib/action_dispatch/journey/router.rb:35:in `serve'
actionpack (5.2.0) lib/action_dispatch/routing/route_set.rb:840:in `call'
rack (2.0.5) lib/rack/etag.rb:25:in `call'
rack (2.0.5) lib/rack/conditional_get.rb:25:in `call'
rack (2.0.5) lib/rack/head.rb:12:in `call'
activerecord (5.2.0) lib/active_record/migration.rb:559:in `call'
actionpack (5.2.0) lib/action_dispatch/middleware/callbacks.rb:28:in `block in call'
activesupport (5.2.0) lib/active_support/callbacks.rb:98:in `run_callbacks'
actionpack (5.2.0) lib/action_dispatch/middleware/callbacks.rb:26:in `call'
actionpack (5.2.0) lib/action_dispatch/middleware/executor.rb:14:in `call'
actionpack (5.2.0) lib/action_dispatch/middleware/debug_exceptions.rb:61:in `call'
actionpack (5.2.0) lib/action_dispatch/middleware/show_exceptions.rb:33:in `call'
railties (5.2.0) lib/rails/rack/logger.rb:38:in `call_app'
railties (5.2.0) lib/rails/rack/logger.rb:26:in `block in call'
activesupport (5.2.0) lib/active_support/tagged_logging.rb:71:in `block in tagged'
activesupport (5.2.0) lib/active_support/tagged_logging.rb:28:in `tagged'
activesupport (5.2.0) lib/active_support/tagged_logging.rb:71:in `tagged'
railties (5.2.0) lib/rails/rack/logger.rb:26:in `call'
actionpack (5.2.0) lib/action_dispatch/middleware/remote_ip.rb:81:in `call'
actionpack (5.2.0) lib/action_dispatch/middleware/request_id.rb:27:in `call'
rack (2.0.5) lib/rack/runtime.rb:22:in `call'
activesupport (5.2.0) lib/active_support/cache/strategy/local_cache_middleware.rb:29:in `call'
actionpack (5.2.0) lib/action_dispatch/middleware/executor.rb:14:in `call'
actionpack (5.2.0) lib/action_dispatch/middleware/static.rb:127:in `call'
rack (2.0.5) lib/rack/sendfile.rb:111:in `call'
railties (5.2.0) lib/rails/engine.rb:524:in `call'
puma (3.11.4) lib/puma/configuration.rb:225:in `call'
puma (3.11.4) lib/puma/server.rb:632:in `handle_request'
puma (3.11.4) lib/puma/server.rb:446:in `process_client'
puma (3.11.4) lib/puma/server.rb:306:in `block in run'
puma (3.11.4) lib/puma/thread_pool.rb:120:in `block in spawn_thread'
Started GET "/coffees/1" for 127.0.0.1 at 2018-05-30 14:24:53 -0400
  
SyntaxError (/Users/jacob/Momentum/rails-tracker-jacobfh/tracker/app/controllers/coffees_controller.rb:51: syntax error, unexpected '\n', expecting &. or :: or '[' or '.'):
  
app/controllers/coffees_controller.rb:51: syntax error, unexpected '\n', expecting &. or :: or '[' or '.'
Started GET "/coffees/1" for 127.0.0.1 at 2018-05-30 14:25:15 -0400
Processing by CoffeesController#show as HTML
  Parameters: {"id"=>"1"}
  [1m[36mCoffee Load (0.2ms)[0m  [1m[34mSELECT  "coffees".* FROM "coffees" WHERE "coffees"."id" = $1 LIMIT $2[0m  [["id", 1], ["LIMIT", 1]]
  ↳ app/controllers/coffees_controller.rb:44
Completed 200 OK in 15ms (Views: 0.5ms | ActiveRecord: 4.3ms)


Started POST "/coffees" for 127.0.0.1 at 2018-05-31 09:51:31 -0400
Processing by CoffeesController#create as */*
  Parameters: {"blend_name"=>"cowboy", "origin"=>"nc", "notes"=>"yummy", "coffee"=>{"blend_name"=>"cowboy", "origin"=>"nc", "notes"=>"yummy"}}
  [1m[35m (0.2ms)[0m  [1m[35mBEGIN[0m
  ↳ app/controllers/coffees_controller.rb:17
  [1m[36mCoffee Create (10.5ms)[0m  [1m[32mINSERT INTO "coffees" ("blend_name", "origin", "notes", "created_at", "updated_at") VALUES ($1, $2, $3, $4, $5) RETURNING "id"[0m  [["blend_name", "cowboy"], ["origin", "nc"], ["notes", "yummy"], ["created_at", "2018-05-31 13:51:31.875581"], ["updated_at", "2018-05-31 13:51:31.875581"]]
  ↳ app/controllers/coffees_controller.rb:17
  [1m[35m (8.4ms)[0m  [1m[35mCOMMIT[0m
  ↳ app/controllers/coffees_controller.rb:17
Completed 201 Created in 34ms (Views: 2.0ms | ActiveRecord: 25.0ms)


Started GET "/coffees" for 127.0.0.1 at 2018-05-31 09:57:40 -0400
Processing by CoffeesController#index as HTML
  [1m[36mCoffee Load (0.8ms)[0m  [1m[34mSELECT "coffees".* FROM "coffees"[0m
  ↳ app/controllers/coffees_controller.rb:7
Completed 200 OK in 6ms (Views: 5.0ms | ActiveRecord: 0.8ms)


Started DELETE "/coffees/1" for 127.0.0.1 at 2018-05-31 13:10:20 -0400
Processing by CoffeesController#destroy as */*
  Parameters: {"id"=>"1"}
  [1m[36mCoffee Load (0.5ms)[0m  [1m[34mSELECT  "coffees".* FROM "coffees" WHERE "coffees"."id" = $1 LIMIT $2[0m  [["id", 1], ["LIMIT", 1]]
  ↳ app/controllers/coffees_controller.rb:38
  [1m[35m (0.2ms)[0m  [1m[35mBEGIN[0m
  ↳ app/controllers/coffees_controller.rb:33
  [1m[36mCoffee Destroy (0.3ms)[0m  [1m[31mDELETE FROM "coffees" WHERE "coffees"."id" = $1[0m  [["id", 1]]
  ↳ app/controllers/coffees_controller.rb:33
  [1m[35m (6.0ms)[0m  [1m[35mCOMMIT[0m
  ↳ app/controllers/coffees_controller.rb:33
Completed 204 No Content in 12ms (ActiveRecord: 7.5ms)


Started GET "/coffees/1" for 127.0.0.1 at 2018-05-31 13:10:31 -0400
Processing by CoffeesController#show as */*
  Parameters: {"id"=>"1"}
  [1m[36mCoffee Load (0.3ms)[0m  [1m[34mSELECT  "coffees".* FROM "coffees" WHERE "coffees"."id" = $1 LIMIT $2[0m  [["id", 1], ["LIMIT", 1]]
  ↳ app/controllers/coffees_controller.rb:38
Completed 404 Not Found in 1ms (ActiveRecord: 0.3ms)


  
ActiveRecord::RecordNotFound (Couldn't find Coffee with 'id'=1):
  
app/controllers/coffees_controller.rb:38:in `set_coffee'
